2014-05-20 13:36:08 2752 [Note] Plugin 'FEDERATED' is disabled.
2014-05-20 13:36:08 2752 [Note] InnoDB: The InnoDB memory heap is disabled
2014-05-20 13:36:08 2752 [Note] InnoDB: Mutexes and rw_locks use Windows interlocked functions
2014-05-20 13:36:08 2752 [Note] InnoDB: Compressed tables use zlib 1.2.3
2014-05-20 13:36:08 2752 [Note] InnoDB: Not using CPU crc32 instructions
2014-05-20 13:36:08 2752 [Note] InnoDB: Initializing buffer pool, size = 8.0M
2014-05-20 13:36:08 2752 [Note] InnoDB: Completed initialization of buffer pool
2014-05-20 13:36:08 2752 [Note] InnoDB: Highest supported file format is Barracuda.
2014-05-20 13:36:09 2752 [Warning] InnoDB: Resizing redo log from 2*3072 to 2*640 pages, LSN=1625977
2014-05-20 13:36:09 2752 [Warning] InnoDB: Starting to delete and rewrite log files.
2014-05-20 13:36:09 2752 [Note] InnoDB: Setting log file .\ib_logfile101 size to 10 MB
2014-05-20 13:36:09 2752 [Note] InnoDB: Setting log file .\ib_logfile1 size to 10 MB
2014-05-20 13:36:09 2752 [Note] InnoDB: Renaming log file .\ib_logfile101 to .\ib_logfile0
2014-05-20 13:36:09 2752 [Warning] InnoDB: New log files created, LSN=1625977
2014-05-20 13:36:09 2752 [Note] InnoDB: 128 rollback segment(s) are active.
2014-05-20 13:36:09 2752 [Note] InnoDB: Waiting for purge to start
2014-05-20 13:36:09 2752 [Note] InnoDB: 5.6.13 started; log sequence number 1625977
2014-05-20 13:36:09 2752 [Warning] No existing UUID has been found, so we assume that this is the first time that this server has been started. Generating a new UUID: 4403ef00-dfd8-11e3-b683-e81132324458.
2014-05-20 13:36:09 2752 [Note] Server hostname (bind-address): '*'; port: 3306
2014-05-20 13:36:09 2752 [Note] IPv6 is available.
2014-05-20 13:36:09 2752 [Note]   - '::' resolves to '::';
2014-05-20 13:36:09 2752 [Note] Server socket created on IP: '::'.
2014-05-20 13:36:10 2752 [Note] Event Scheduler: Loaded 0 events
2014-05-20 13:36:10 2752 [Note] C:\dev\AutoSet8\Server\MySQL5\bin\mysqld.exe: ready for connections.
Version: '5.6.13'  socket: ''  port: 3306  MySQL Community Server (GPL)
2014-05-20 13:42:18 2752 [Note] C:\dev\AutoSet8\Server\MySQL5\bin\mysqld.exe: Normal shutdown

2014-05-20 13:42:18 2752 [Note] Giving 0 client threads a chance to die gracefully
2014-05-20 13:42:18 2752 [Note] Event Scheduler: Purging the queue. 0 events
2014-05-20 13:42:18 2752 [Note] Shutting down slave threads
2014-05-20 13:42:18 2752 [Note] Forcefully disconnecting 0 remaining clients
2014-05-20 13:42:18 2752 [Note] Binlog end
2014-05-20 13:42:18 2752 [Note] Shutting down plugin 'partition'
2014-05-20 13:42:18 2752 [Note] Shutting down plugin 'PERFORMANCE_SCHEMA'
2014-05-20 13:42:18 2752 [Note] Shutting down plugin 'INNODB_SYS_DATAFILES'
2014-05-20 13:42:18 2752 [Note] Shutting down plugin 'INNODB_SYS_TABLESPACES'
2014-05-20 13:42:18 2752 [Note] Shutting down plugin 'INNODB_SYS_FOREIGN_COLS'
2014-05-20 13:42:18 2752 [Note] Shutting down plugin 'INNODB_SYS_FOREIGN'
2014-05-20 13:42:18 2752 [Note] Shutting down plugin 'INNODB_SYS_FIELDS'
2014-05-20 13:42:18 2752 [Note] Shutting down plugin 'INNODB_SYS_COLUMNS'
2014-05-20 13:42:18 2752 [Note] Shutting down plugin 'INNODB_SYS_INDEXES'
2014-05-20 13:42:18 2752 [Note] Shutting down plugin 'INNODB_SYS_TABLESTATS'
2014-05-20 13:42:18 2752 [Note] Shutting down plugin 'INNODB_SYS_TABLES'
2014-05-20 13:42:18 2752 [Note] Shutting down plugin 'INNODB_FT_INDEX_TABLE'
2014-05-20 13:42:18 2752 [Note] Shutting down plugin 'INNODB_FT_INDEX_CACHE'
2014-05-20 13:42:18 2752 [Note] Shutting down plugin 'INNODB_FT_CONFIG'
2014-05-20 13:42:18 2752 [Note] Shutting down plugin 'INNODB_FT_BEING_DELETED'
2014-05-20 13:42:18 2752 [Note] Shutting down plugin 'INNODB_FT_DELETED'
2014-05-20 13:42:18 2752 [Note] Shutting down plugin 'INNODB_FT_DEFAULT_STOPWORD'
2014-05-20 13:42:18 2752 [Note] Shutting down plugin 'INNODB_METRICS'
2014-05-20 13:42:18 2752 [Note] Shutting down plugin 'INNODB_BUFFER_POOL_STATS'
2014-05-20 13:42:18 2752 [Note] Shutting down plugin 'INNODB_BUFFER_PAGE_LRU'
2014-05-20 13:42:18 2752 [Note] Shutting down plugin 'INNODB_BUFFER_PAGE'
2014-05-20 13:42:18 2752 [Note] Shutting down plugin 'INNODB_CMP_PER_INDEX_RESET'
2014-05-20 13:42:18 2752 [Note] Shutting down plugin 'INNODB_CMP_PER_INDEX'
2014-05-20 13:42:18 2752 [Note] Shutting down plugin 'INNODB_CMPMEM_RESET'
2014-05-20 13:42:18 2752 [Note] Shutting down plugin 'INNODB_CMPMEM'
2014-05-20 13:42:18 2752 [Note] Shutting down plugin 'INNODB_CMP_RESET'
2014-05-20 13:42:18 2752 [Note] Shutting down plugin 'INNODB_CMP'
2014-05-20 13:42:18 2752 [Note] Shutting down plugin 'INNODB_LOCK_WAITS'
2014-05-20 13:42:18 2752 [Note] Shutting down plugin 'INNODB_LOCKS'
2014-05-20 13:42:18 2752 [Note] Shutting down plugin 'INNODB_TRX'
2014-05-20 13:42:18 2752 [Note] Shutting down plugin 'InnoDB'
2014-05-20 13:42:18 2752 [Note] InnoDB: FTS optimize thread exiting.
2014-05-20 13:42:18 2752 [Note] InnoDB: Starting shutdown...
2014-05-20 13:42:19 2752 [Note] InnoDB: Shutdown completed; log sequence number 1626134
2014-05-20 13:42:19 2752 [Note] Shutting down plugin 'BLACKHOLE'
2014-05-20 13:42:19 2752 [Note] Shutting down plugin 'ARCHIVE'
2014-05-20 13:42:19 2752 [Note] Shutting down plugin 'MRG_MYISAM'
2014-05-20 13:42:19 2752 [Note] Shutting down plugin 'MyISAM'
2014-05-20 13:42:19 2752 [Note] Shutting down plugin 'MEMORY'
2014-05-20 13:42:19 2752 [Note] Shutting down plugin 'CSV'
2014-05-20 13:42:19 2752 [Note] Shutting down plugin 'sha256_password'
2014-05-20 13:42:19 2752 [Note] Shutting down plugin 'mysql_old_password'
2014-05-20 13:42:19 2752 [Note] Shutting down plugin 'mysql_native_password'
2014-05-20 13:42:19 2752 [Note] Shutting down plugin 'binlog'
2014-05-20 13:42:19 2752 [Note] C:\dev\AutoSet8\Server\MySQL5\bin\mysqld.exe: Shutdown complete

2014-05-20 13:42:22 4276 [Note] Plugin 'FEDERATED' is disabled.
2014-05-20 13:42:22 4276 [Note] InnoDB: The InnoDB memory heap is disabled
2014-05-20 13:42:22 4276 [Note] InnoDB: Mutexes and rw_locks use Windows interlocked functions
2014-05-20 13:42:22 4276 [Note] InnoDB: Compressed tables use zlib 1.2.3
2014-05-20 13:42:22 4276 [Note] InnoDB: Not using CPU crc32 instructions
2014-05-20 13:42:22 4276 [Note] InnoDB: Initializing buffer pool, size = 8.0M
2014-05-20 13:42:22 4276 [Note] InnoDB: Completed initialization of buffer pool
2014-05-20 13:42:22 4276 [Note] InnoDB: Highest supported file format is Barracuda.
2014-05-20 13:42:22 4276 [Note] InnoDB: 128 rollback segment(s) are active.
2014-05-20 13:42:22 4276 [Note] InnoDB: Waiting for purge to start
2014-05-20 13:42:22 4276 [Note] InnoDB: 5.6.13 started; log sequence number 1626134
2014-05-20 13:42:22 4276 [Note] Server hostname (bind-address): '*'; port: 3306
2014-05-20 13:42:22 4276 [Note] IPv6 is available.
2014-05-20 13:42:22 4276 [Note]   - '::' resolves to '::';
2014-05-20 13:42:22 4276 [Note] Server socket created on IP: '::'.
2014-05-20 13:42:22 4276 [Note] Event Scheduler: Loaded 0 events
2014-05-20 13:42:22 4276 [Note] C:\dev\AutoSet8\Server\MySQL5\bin\mysqld.exe: ready for connections.
Version: '5.6.13'  socket: ''  port: 3306  MySQL Community Server (GPL)
2014-05-21 03:07:14 4276 [Note] C:\dev\AutoSet8\Server\MySQL5\bin\mysqld.exe: Normal shutdown

2014-05-21 03:07:14 4276 [Note] Giving 0 client threads a chance to die gracefully
2014-05-21 03:07:14 4276 [Note] Event Scheduler: Purging the queue. 0 events
2014-05-21 03:07:14 4276 [Note] Shutting down slave threads
2014-05-21 03:07:15 4276 [Note] Forcefully disconnecting 0 remaining clients
2014-05-21 03:07:15 4276 [Note] Binlog end
2014-05-21 03:07:15 4276 [Note] Shutting down plugin 'partition'
2014-05-21 03:07:15 4276 [Note] Shutting down plugin 'PERFORMANCE_SCHEMA'
2014-05-21 03:07:15 4276 [Note] Shutting down plugin 'INNODB_SYS_DATAFILES'
2014-05-21 03:07:15 4276 [Note] Shutting down plugin 'INNODB_SYS_TABLESPACES'
2014-05-21 03:07:15 4276 [Note] Shutting down plugin 'INNODB_SYS_FOREIGN_COLS'
2014-05-21 03:07:15 4276 [Note] Shutting down plugin 'INNODB_SYS_FOREIGN'
2014-05-21 03:07:15 4276 [Note] Shutting down plugin 'INNODB_SYS_FIELDS'
2014-05-21 03:07:15 4276 [Note] Shutting down plugin 'INNODB_SYS_COLUMNS'
2014-05-21 03:07:15 4276 [Note] Shutting down plugin 'INNODB_SYS_INDEXES'
2014-05-21 03:07:15 4276 [Note] Shutting down plugin 'INNODB_SYS_TABLESTATS'
2014-05-21 03:07:15 4276 [Note] Shutting down plugin 'INNODB_SYS_TABLES'
2014-05-21 03:07:15 4276 [Note] Shutting down plugin 'INNODB_FT_INDEX_TABLE'
2014-05-21 03:07:15 4276 [Note] Shutting down plugin 'INNODB_FT_INDEX_CACHE'
2014-05-21 03:07:15 4276 [Note] Shutting down plugin 'INNODB_FT_CONFIG'
2014-05-21 03:07:15 4276 [Note] Shutting down plugin 'INNODB_FT_BEING_DELETED'
2014-05-21 03:07:15 4276 [Note] Shutting down plugin 'INNODB_FT_DELETED'
2014-05-21 03:07:15 4276 [Note] Shutting down plugin 'INNODB_FT_DEFAULT_STOPWORD'
2014-05-21 03:07:15 4276 [Note] Shutting down plugin 'INNODB_METRICS'
2014-05-21 03:07:15 4276 [Note] Shutting down plugin 'INNODB_BUFFER_POOL_STATS'
2014-05-21 03:07:15 4276 [Note] Shutting down plugin 'INNODB_BUFFER_PAGE_LRU'
2014-05-21 03:07:15 4276 [Note] Shutting down plugin 'INNODB_BUFFER_PAGE'
2014-05-21 03:07:15 4276 [Note] Shutting down plugin 'INNODB_CMP_PER_INDEX_RESET'
2014-05-21 03:07:15 4276 [Note] Shutting down plugin 'INNODB_CMP_PER_INDEX'
2014-05-21 03:07:15 4276 [Note] Shutting down plugin 'INNODB_CMPMEM_RESET'
2014-05-21 03:07:15 4276 [Note] Shutting down plugin 'INNODB_CMPMEM'
2014-05-21 03:07:15 4276 [Note] Shutting down plugin 'INNODB_CMP_RESET'
2014-05-21 03:07:15 4276 [Note] Shutting down plugin 'INNODB_CMP'
2014-05-21 03:07:15 4276 [Note] Shutting down plugin 'INNODB_LOCK_WAITS'
2014-05-21 03:07:15 4276 [Note] Shutting down plugin 'INNODB_LOCKS'
2014-05-21 03:07:15 4276 [Note] Shutting down plugin 'INNODB_TRX'
2014-05-21 03:07:15 4276 [Note] Shutting down plugin 'InnoDB'
2014-05-21 03:07:15 4276 [Note] InnoDB: FTS optimize thread exiting.
2014-05-21 03:07:15 4276 [Note] InnoDB: Starting shutdown...
2014-05-21 03:07:16 4276 [Note] InnoDB: Shutdown completed; log sequence number 1626144
2014-05-21 03:07:16 4276 [Note] Shutting down plugin 'BLACKHOLE'
2014-05-21 03:07:16 4276 [Note] Shutting down plugin 'ARCHIVE'
2014-05-21 03:07:16 4276 [Note] Shutting down plugin 'MRG_MYISAM'
2014-05-21 03:07:16 4276 [Note] Shutting down plugin 'MyISAM'
2014-05-21 03:07:16 4276 [Note] Shutting down plugin 'MEMORY'
2014-05-21 03:07:16 4276 [Note] Shutting down plugin 'CSV'
2014-05-21 03:07:16 4276 [Note] Shutting down plugin 'sha256_password'
2014-05-21 03:07:16 4276 [Note] Shutting down plugin 'mysql_old_password'
2014-05-21 03:07:16 4276 [Note] Shutting down plugin 'mysql_native_password'
2014-05-21 03:07:16 4276 [Note] Shutting down plugin 'binlog'
2014-05-21 03:07:16 4276 [Note] C:\dev\AutoSet8\Server\MySQL5\bin\mysqld.exe: Shutdown complete

2014-05-21 09:58:00 1492 [Note] Plugin 'FEDERATED' is disabled.
2014-05-21 09:58:01 1492 [Note] InnoDB: The InnoDB memory heap is disabled
2014-05-21 09:58:01 1492 [Note] InnoDB: Mutexes and rw_locks use Windows interlocked functions
2014-05-21 09:58:01 1492 [Note] InnoDB: Compressed tables use zlib 1.2.3
2014-05-21 09:58:01 1492 [Note] InnoDB: Not using CPU crc32 instructions
2014-05-21 09:58:02 1492 [Note] InnoDB: Initializing buffer pool, size = 8.0M
2014-05-21 09:58:02 1492 [Note] InnoDB: Completed initialization of buffer pool
2014-05-21 09:58:02 1492 [Note] InnoDB: Highest supported file format is Barracuda.
2014-05-21 09:58:02 1492 [Note] InnoDB: 128 rollback segment(s) are active.
2014-05-21 09:58:02 1492 [Note] InnoDB: Waiting for purge to start
2014-05-21 09:58:02 1492 [Note] InnoDB: 5.6.13 started; log sequence number 1626144
2014-05-21 09:58:02 1492 [Note] Server hostname (bind-address): '*'; port: 3306
2014-05-21 09:58:02 1492 [Note] IPv6 is available.
2014-05-21 09:58:02 1492 [Note]   - '::' resolves to '::';
2014-05-21 09:58:02 1492 [Note] Server socket created on IP: '::'.
2014-05-21 09:58:02 1492 [Note] Event Scheduler: Loaded 0 events
2014-05-21 09:58:02 1492 [Note] C:\dev\AutoSet8\Server\MySQL5\bin\mysqld.exe: ready for connections.
Version: '5.6.13'  socket: ''  port: 3306  MySQL Community Server (GPL)
2014-05-21 15:07:47 1492 [Note] C:\dev\AutoSet8\Server\MySQL5\bin\mysqld.exe: Normal shutdown

2014-05-21 15:07:47 1492 [Note] Giving 0 client threads a chance to die gracefully
2014-05-21 15:07:47 1492 [Note] Event Scheduler: Purging the queue. 0 events
2014-05-21 15:07:47 1492 [Note] Shutting down slave threads
2014-05-21 15:07:47 1492 [Note] Forcefully disconnecting 0 remaining clients
2014-05-21 15:07:48 1492 [Note] Binlog end
2014-05-21 15:07:48 1492 [Note] Shutting down plugin 'partition'
2014-05-21 15:07:48 1492 [Note] Shutting down plugin 'PERFORMANCE_SCHEMA'
2014-05-21 15:07:48 1492 [Note] Shutting down plugin 'INNODB_SYS_DATAFILES'
2014-05-21 15:07:48 1492 [Note] Shutting down plugin 'INNODB_SYS_TABLESPACES'
2014-05-21 15:07:48 1492 [Note] Shutting down plugin 'INNODB_SYS_FOREIGN_COLS'
2014-05-21 15:07:48 1492 [Note] Shutting down plugin 'INNODB_SYS_FOREIGN'
2014-05-21 15:07:48 1492 [Note] Shutting down plugin 'INNODB_SYS_FIELDS'
2014-05-21 15:07:48 1492 [Note] Shutting down plugin 'INNODB_SYS_COLUMNS'
2014-05-21 15:07:48 1492 [Note] Shutting down plugin 'INNODB_SYS_INDEXES'
2014-05-21 15:07:48 1492 [Note] Shutting down plugin 'INNODB_SYS_TABLESTATS'
2014-05-21 15:07:48 1492 [Note] Shutting down plugin 'INNODB_SYS_TABLES'
2014-05-21 15:07:48 1492 [Note] Shutting down plugin 'INNODB_FT_INDEX_TABLE'
2014-05-21 15:07:48 1492 [Note] Shutting down plugin 'INNODB_FT_INDEX_CACHE'
2014-05-21 15:07:48 1492 [Note] Shutting down plugin 'INNODB_FT_CONFIG'
2014-05-21 15:07:48 1492 [Note] Shutting down plugin 'INNODB_FT_BEING_DELETED'
2014-05-21 15:07:48 1492 [Note] Shutting down plugin 'INNODB_FT_DELETED'
2014-05-21 15:07:48 1492 [Note] Shutting down plugin 'INNODB_FT_DEFAULT_STOPWORD'
2014-05-21 15:07:48 1492 [Note] Shutting down plugin 'INNODB_METRICS'
2014-05-21 15:07:48 1492 [Note] Shutting down plugin 'INNODB_BUFFER_POOL_STATS'
2014-05-21 15:07:48 1492 [Note] Shutting down plugin 'INNODB_BUFFER_PAGE_LRU'
2014-05-21 15:07:48 1492 [Note] Shutting down plugin 'INNODB_BUFFER_PAGE'
2014-05-21 15:07:48 1492 [Note] Shutting down plugin 'INNODB_CMP_PER_INDEX_RESET'
2014-05-21 15:07:48 1492 [Note] Shutting down plugin 'INNODB_CMP_PER_INDEX'
2014-05-21 15:07:48 1492 [Note] Shutting down plugin 'INNODB_CMPMEM_RESET'
2014-05-21 15:07:48 1492 [Note] Shutting down plugin 'INNODB_CMPMEM'
2014-05-21 15:07:48 1492 [Note] Shutting down plugin 'INNODB_CMP_RESET'
2014-05-21 15:07:48 1492 [Note] Shutting down plugin 'INNODB_CMP'
2014-05-21 15:07:48 1492 [Note] Shutting down plugin 'INNODB_LOCK_WAITS'
2014-05-21 15:07:48 1492 [Note] Shutting down plugin 'INNODB_LOCKS'
2014-05-21 15:07:48 1492 [Note] Shutting down plugin 'INNODB_TRX'
2014-05-21 15:07:48 1492 [Note] Shutting down plugin 'InnoDB'
2014-05-21 15:07:48 1492 [Note] InnoDB: FTS optimize thread exiting.
2014-05-21 15:07:48 1492 [Note] InnoDB: Starting shutdown...
2014-05-21 15:07:49 1492 [Note] InnoDB: Shutdown completed; log sequence number 1626154
2014-05-21 15:07:49 1492 [Note] Shutting down plugin 'BLACKHOLE'
2014-05-21 15:07:49 1492 [Note] Shutting down plugin 'ARCHIVE'
2014-05-21 15:07:49 1492 [Note] Shutting down plugin 'MRG_MYISAM'
2014-05-21 15:07:49 1492 [Note] Shutting down plugin 'MyISAM'
2014-05-21 15:07:49 1492 [Note] Shutting down plugin 'MEMORY'
2014-05-21 15:07:49 1492 [Note] Shutting down plugin 'CSV'
2014-05-21 15:07:49 1492 [Note] Shutting down plugin 'sha256_password'
2014-05-21 15:07:49 1492 [Note] Shutting down plugin 'mysql_old_password'
2014-05-21 15:07:49 1492 [Note] Shutting down plugin 'mysql_native_password'
2014-05-21 15:07:49 1492 [Note] Shutting down plugin 'binlog'
2014-05-21 15:07:49 1492 [Note] C:\dev\AutoSet8\Server\MySQL5\bin\mysqld.exe: Shutdown complete

2014-05-21 15:08:28 1848 [Note] Plugin 'FEDERATED' is disabled.
2014-05-21 15:08:28 1848 [Note] InnoDB: The InnoDB memory heap is disabled
2014-05-21 15:08:28 1848 [Note] InnoDB: Mutexes and rw_locks use Windows interlocked functions
2014-05-21 15:08:28 1848 [Note] InnoDB: Compressed tables use zlib 1.2.3
2014-05-21 15:08:28 1848 [Note] InnoDB: Not using CPU crc32 instructions
2014-05-21 15:08:28 1848 [Note] InnoDB: Initializing buffer pool, size = 8.0M
2014-05-21 15:08:28 1848 [Note] InnoDB: Completed initialization of buffer pool
2014-05-21 15:08:28 1848 [Note] InnoDB: Highest supported file format is Barracuda.
2014-05-21 15:08:29 1848 [Note] InnoDB: 128 rollback segment(s) are active.
2014-05-21 15:08:29 1848 [Note] InnoDB: Waiting for purge to start
2014-05-21 15:08:29 1848 [Note] InnoDB: 5.6.13 started; log sequence number 1626154
2014-05-21 15:08:29 1848 [Note] Server hostname (bind-address): '*'; port: 3306
2014-05-21 15:08:29 1848 [Note] IPv6 is available.
2014-05-21 15:08:29 1848 [Note]   - '::' resolves to '::';
2014-05-21 15:08:29 1848 [Note] Server socket created on IP: '::'.
2014-05-21 15:08:29 1848 [Note] Event Scheduler: Loaded 0 events
2014-05-21 15:08:29 1848 [Note] C:\dev\AutoSet8\Server\MySQL5\bin\mysqld.exe: ready for connections.
Version: '5.6.13'  socket: ''  port: 3306  MySQL Community Server (GPL)
2014-05-22 01:56:37 1848 [Note] C:\dev\AutoSet8\Server\MySQL5\bin\mysqld.exe: Normal shutdown

2014-05-22 01:56:37 1848 [Note] Giving 0 client threads a chance to die gracefully
2014-05-22 01:56:37 1848 [Note] Event Scheduler: Purging the queue. 0 events
2014-05-22 01:56:37 1848 [Note] Shutting down slave threads
2014-05-22 01:56:37 1848 [Note] Forcefully disconnecting 0 remaining clients
2014-05-22 01:56:37 1848 [Note] Binlog end
2014-05-22 01:56:37 1848 [Note] Shutting down plugin 'partition'
2014-05-22 01:56:37 1848 [Note] Shutting down plugin 'PERFORMANCE_SCHEMA'
2014-05-22 01:56:37 1848 [Note] Shutting down plugin 'INNODB_SYS_DATAFILES'
2014-05-22 01:56:37 1848 [Note] Shutting down plugin 'INNODB_SYS_TABLESPACES'
2014-05-22 01:56:37 1848 [Note] Shutting down plugin 'INNODB_SYS_FOREIGN_COLS'
2014-05-22 01:56:37 1848 [Note] Shutting down plugin 'INNODB_SYS_FOREIGN'
2014-05-22 01:56:37 1848 [Note] Shutting down plugin 'INNODB_SYS_FIELDS'
2014-05-22 01:56:37 1848 [Note] Shutting down plugin 'INNODB_SYS_COLUMNS'
2014-05-22 01:56:37 1848 [Note] Shutting down plugin 'INNODB_SYS_INDEXES'
2014-05-22 01:56:37 1848 [Note] Shutting down plugin 'INNODB_SYS_TABLESTATS'
2014-05-22 01:56:37 1848 [Note] Shutting down plugin 'INNODB_SYS_TABLES'
2014-05-22 01:56:37 1848 [Note] Shutting down plugin 'INNODB_FT_INDEX_TABLE'
2014-05-22 01:56:37 1848 [Note] Shutting down plugin 'INNODB_FT_INDEX_CACHE'
2014-05-22 01:56:37 1848 [Note] Shutting down plugin 'INNODB_FT_CONFIG'
2014-05-22 01:56:37 1848 [Note] Shutting down plugin 'INNODB_FT_BEING_DELETED'
2014-05-22 01:56:37 1848 [Note] Shutting down plugin 'INNODB_FT_DELETED'
2014-05-22 01:56:37 1848 [Note] Shutting down plugin 'INNODB_FT_DEFAULT_STOPWORD'
2014-05-22 01:56:37 1848 [Note] Shutting down plugin 'INNODB_METRICS'
2014-05-22 01:56:37 1848 [Note] Shutting down plugin 'INNODB_BUFFER_POOL_STATS'
2014-05-22 01:56:37 1848 [Note] Shutting down plugin 'INNODB_BUFFER_PAGE_LRU'
2014-05-22 01:56:37 1848 [Note] Shutting down plugin 'INNODB_BUFFER_PAGE'
2014-05-22 01:56:37 1848 [Note] Shutting down plugin 'INNODB_CMP_PER_INDEX_RESET'
2014-05-22 01:56:37 1848 [Note] Shutting down plugin 'INNODB_CMP_PER_INDEX'
2014-05-22 01:56:37 1848 [Note] Shutting down plugin 'INNODB_CMPMEM_RESET'
2014-05-22 01:56:37 1848 [Note] Shutting down plugin 'INNODB_CMPMEM'
2014-05-22 01:56:37 1848 [Note] Shutting down plugin 'INNODB_CMP_RESET'
2014-05-22 01:56:37 1848 [Note] Shutting down plugin 'INNODB_CMP'
2014-05-22 01:56:37 1848 [Note] Shutting down plugin 'INNODB_LOCK_WAITS'
2014-05-22 01:56:37 1848 [Note] Shutting down plugin 'INNODB_LOCKS'
2014-05-22 01:56:37 1848 [Note] Shutting down plugin 'INNODB_TRX'
2014-05-22 01:56:37 1848 [Note] Shutting down plugin 'InnoDB'
2014-05-22 01:56:37 1848 [Note] InnoDB: FTS optimize thread exiting.
2014-05-22 01:56:37 1848 [Note] InnoDB: Starting shutdown...
2014-05-22 01:56:39 1848 [Note] InnoDB: Shutdown completed; log sequence number 1626164
2014-05-22 01:56:39 1848 [Note] Shutting down plugin 'BLACKHOLE'
2014-05-22 01:56:39 1848 [Note] Shutting down plugin 'ARCHIVE'
2014-05-22 01:56:39 1848 [Note] Shutting down plugin 'MRG_MYISAM'
2014-05-22 01:56:39 1848 [Note] Shutting down plugin 'MyISAM'
2014-05-22 01:56:39 1848 [Note] Shutting down plugin 'MEMORY'
2014-05-22 01:56:39 1848 [Note] Shutting down plugin 'CSV'
2014-05-22 01:56:39 1848 [Note] Shutting down plugin 'sha256_password'
2014-05-22 01:56:39 1848 [Note] Shutting down plugin 'mysql_old_password'
2014-05-22 01:56:39 1848 [Note] Shutting down plugin 'mysql_native_password'
2014-05-22 01:56:39 1848 [Note] Shutting down plugin 'binlog'
2014-05-22 01:56:39 1848 [Note] C:\dev\AutoSet8\Server\MySQL5\bin\mysqld.exe: Shutdown complete

2014-05-22 10:29:05 1528 [Note] Plugin 'FEDERATED' is disabled.
2014-05-22 10:29:05 1528 [Note] InnoDB: The InnoDB memory heap is disabled
2014-05-22 10:29:05 1528 [Note] InnoDB: Mutexes and rw_locks use Windows interlocked functions
2014-05-22 10:29:05 1528 [Note] InnoDB: Compressed tables use zlib 1.2.3
2014-05-22 10:29:05 1528 [Note] InnoDB: Not using CPU crc32 instructions
2014-05-22 10:29:05 1528 [Note] InnoDB: Initializing buffer pool, size = 8.0M
2014-05-22 10:29:05 1528 [Note] InnoDB: Completed initialization of buffer pool
2014-05-22 10:29:05 1528 [Note] InnoDB: Highest supported file format is Barracuda.
2014-05-22 10:29:05 1528 [Note] InnoDB: 128 rollback segment(s) are active.
2014-05-22 10:29:05 1528 [Note] InnoDB: Waiting for purge to start
2014-05-22 10:29:06 1528 [Note] InnoDB: 5.6.13 started; log sequence number 1626164
2014-05-22 10:29:06 1528 [Note] Server hostname (bind-address): '*'; port: 3306
2014-05-22 10:29:06 1528 [Note] IPv6 is available.
2014-05-22 10:29:06 1528 [Note]   - '::' resolves to '::';
2014-05-22 10:29:06 1528 [Note] Server socket created on IP: '::'.
2014-05-22 10:29:06 1528 [Note] Event Scheduler: Loaded 0 events
2014-05-22 10:29:06 1528 [Note] C:\dev\AutoSet8\Server\MySQL5\bin\mysqld.exe: ready for connections.
Version: '5.6.13'  socket: ''  port: 3306  MySQL Community Server (GPL)
2014-05-22 18:34:20 1528 [Note] C:\dev\AutoSet8\Server\MySQL5\bin\mysqld.exe: Normal shutdown

2014-05-22 18:34:20 1528 [Note] Giving 0 client threads a chance to die gracefully
2014-05-22 18:34:20 1528 [Note] Event Scheduler: Purging the queue. 0 events
2014-05-22 18:34:20 1528 [Note] Shutting down slave threads
2014-05-22 18:34:20 1528 [Note] Forcefully disconnecting 0 remaining clients
2014-05-22 18:34:20 1528 [Note] Binlog end
2014-05-22 18:34:20 1528 [Note] Shutting down plugin 'partition'
2014-05-22 18:34:20 1528 [Note] Shutting down plugin 'PERFORMANCE_SCHEMA'
2014-05-22 18:34:20 1528 [Note] Shutting down plugin 'INNODB_SYS_DATAFILES'
2014-05-22 18:34:20 1528 [Note] Shutting down plugin 'INNODB_SYS_TABLESPACES'
2014-05-22 18:34:20 1528 [Note] Shutting down plugin 'INNODB_SYS_FOREIGN_COLS'
2014-05-22 18:34:20 1528 [Note] Shutting down plugin 'INNODB_SYS_FOREIGN'
2014-05-22 18:34:20 1528 [Note] Shutting down plugin 'INNODB_SYS_FIELDS'
2014-05-22 18:34:20 1528 [Note] Shutting down plugin 'INNODB_SYS_COLUMNS'
2014-05-22 18:34:20 1528 [Note] Shutting down plugin 'INNODB_SYS_INDEXES'
2014-05-22 18:34:20 1528 [Note] Shutting down plugin 'INNODB_SYS_TABLESTATS'
2014-05-22 18:34:20 1528 [Note] Shutting down plugin 'INNODB_SYS_TABLES'
2014-05-22 18:34:20 1528 [Note] Shutting down plugin 'INNODB_FT_INDEX_TABLE'
2014-05-22 18:34:20 1528 [Note] Shutting down plugin 'INNODB_FT_INDEX_CACHE'
2014-05-22 18:34:20 1528 [Note] Shutting down plugin 'INNODB_FT_CONFIG'
2014-05-22 18:34:20 1528 [Note] Shutting down plugin 'INNODB_FT_BEING_DELETED'
2014-05-22 18:34:20 1528 [Note] Shutting down plugin 'INNODB_FT_DELETED'
2014-05-22 18:34:20 1528 [Note] Shutting down plugin 'INNODB_FT_DEFAULT_STOPWORD'
2014-05-22 18:34:20 1528 [Note] Shutting down plugin 'INNODB_METRICS'
2014-05-22 18:34:20 1528 [Note] Shutting down plugin 'INNODB_BUFFER_POOL_STATS'
2014-05-22 18:34:20 1528 [Note] Shutting down plugin 'INNODB_BUFFER_PAGE_LRU'
2014-05-22 18:34:20 1528 [Note] Shutting down plugin 'INNODB_BUFFER_PAGE'
2014-05-22 18:34:20 1528 [Note] Shutting down plugin 'INNODB_CMP_PER_INDEX_RESET'
2014-05-22 18:34:20 1528 [Note] Shutting down plugin 'INNODB_CMP_PER_INDEX'
2014-05-22 18:34:20 1528 [Note] Shutting down plugin 'INNODB_CMPMEM_RESET'
2014-05-22 18:34:20 1528 [Note] Shutting down plugin 'INNODB_CMPMEM'
2014-05-22 18:34:20 1528 [Note] Shutting down plugin 'INNODB_CMP_RESET'
2014-05-22 18:34:20 1528 [Note] Shutting down plugin 'INNODB_CMP'
2014-05-22 18:34:20 1528 [Note] Shutting down plugin 'INNODB_LOCK_WAITS'
2014-05-22 18:34:20 1528 [Note] Shutting down plugin 'INNODB_LOCKS'
2014-05-22 18:34:20 1528 [Note] Shutting down plugin 'INNODB_TRX'
2014-05-22 18:34:20 1528 [Note] Shutting down plugin 'InnoDB'
2014-05-22 18:34:20 1528 [Note] InnoDB: FTS optimize thread exiting.
2014-05-22 18:34:20 1528 [Note] InnoDB: Starting shutdown...
2014-05-22 18:34:21 1528 [Note] InnoDB: Shutdown completed; log sequence number 1626174
2014-05-22 18:34:21 1528 [Note] Shutting down plugin 'BLACKHOLE'
2014-05-22 18:34:21 1528 [Note] Shutting down plugin 'ARCHIVE'
2014-05-22 18:34:21 1528 [Note] Shutting down plugin 'MRG_MYISAM'
2014-05-22 18:34:21 1528 [Note] Shutting down plugin 'MyISAM'
2014-05-22 18:34:21 1528 [Note] Shutting down plugin 'MEMORY'
2014-05-22 18:34:21 1528 [Note] Shutting down plugin 'CSV'
2014-05-22 18:34:21 1528 [Note] Shutting down plugin 'sha256_password'
2014-05-22 18:34:21 1528 [Note] Shutting down plugin 'mysql_old_password'
2014-05-22 18:34:21 1528 [Note] Shutting down plugin 'mysql_native_password'
2014-05-22 18:34:21 1528 [Note] Shutting down plugin 'binlog'
2014-05-22 18:34:21 1528 [Note] C:\dev\AutoSet8\Server\MySQL5\bin\mysqld.exe: Shutdown complete

2014-05-23 12:40:22 1624 [Note] Plugin 'FEDERATED' is disabled.
2014-05-23 12:40:22 1624 [Note] InnoDB: The InnoDB memory heap is disabled
2014-05-23 12:40:22 1624 [Note] InnoDB: Mutexes and rw_locks use Windows interlocked functions
2014-05-23 12:40:22 1624 [Note] InnoDB: Compressed tables use zlib 1.2.3
2014-05-23 12:40:22 1624 [Note] InnoDB: Not using CPU crc32 instructions
2014-05-23 12:40:22 1624 [Note] InnoDB: Initializing buffer pool, size = 8.0M
2014-05-23 12:40:22 1624 [Note] InnoDB: Completed initialization of buffer pool
2014-05-23 12:40:23 1624 [Note] InnoDB: Highest supported file format is Barracuda.
2014-05-23 12:40:23 1624 [Note] InnoDB: 128 rollback segment(s) are active.
2014-05-23 12:40:23 1624 [Note] InnoDB: Waiting for purge to start
2014-05-23 12:40:23 1624 [Note] InnoDB: 5.6.13 started; log sequence number 1626174
2014-05-23 12:40:23 1624 [Note] Server hostname (bind-address): '*'; port: 3306
2014-05-23 12:40:23 1624 [Note] IPv6 is available.
2014-05-23 12:40:23 1624 [Note]   - '::' resolves to '::';
2014-05-23 12:40:23 1624 [Note] Server socket created on IP: '::'.
2014-05-23 12:40:23 1624 [Note] Event Scheduler: Loaded 0 events
2014-05-23 12:40:23 1624 [Note] C:\dev\AutoSet8\Server\MySQL5\bin\mysqld.exe: ready for connections.
Version: '5.6.13'  socket: ''  port: 3306  MySQL Community Server (GPL)
2014-05-23 16:38:50 1624 [Note] C:\dev\AutoSet8\Server\MySQL5\bin\mysqld.exe: Normal shutdown

2014-05-23 16:38:50 1624 [Note] Giving 0 client threads a chance to die gracefully
2014-05-23 16:38:50 1624 [Note] Event Scheduler: Purging the queue. 0 events
2014-05-23 16:38:50 1624 [Note] Shutting down slave threads
2014-05-23 16:38:50 1624 [Note] Forcefully disconnecting 0 remaining clients
2014-05-23 16:38:50 1624 [Note] Binlog end
2014-05-23 16:38:50 1624 [Note] Shutting down plugin 'partition'
2014-05-23 16:38:50 1624 [Note] Shutting down plugin 'PERFORMANCE_SCHEMA'
2014-05-23 16:38:50 1624 [Note] Shutting down plugin 'INNODB_SYS_DATAFILES'
2014-05-23 16:38:50 1624 [Note] Shutting down plugin 'INNODB_SYS_TABLESPACES'
2014-05-23 16:38:50 1624 [Note] Shutting down plugin 'INNODB_SYS_FOREIGN_COLS'
2014-05-23 16:38:50 1624 [Note] Shutting down plugin 'INNODB_SYS_FOREIGN'
2014-05-23 16:38:50 1624 [Note] Shutting down plugin 'INNODB_SYS_FIELDS'
2014-05-23 16:38:50 1624 [Note] Shutting down plugin 'INNODB_SYS_COLUMNS'
2014-05-23 16:38:50 1624 [Note] Shutting down plugin 'INNODB_SYS_INDEXES'
2014-05-23 16:38:50 1624 [Note] Shutting down plugin 'INNODB_SYS_TABLESTATS'
2014-05-23 16:38:50 1624 [Note] Shutting down plugin 'INNODB_SYS_TABLES'
2014-05-23 16:38:50 1624 [Note] Shutting down plugin 'INNODB_FT_INDEX_TABLE'
2014-05-23 16:38:50 1624 [Note] Shutting down plugin 'INNODB_FT_INDEX_CACHE'
2014-05-23 16:38:50 1624 [Note] Shutting down plugin 'INNODB_FT_CONFIG'
2014-05-23 16:38:50 1624 [Note] Shutting down plugin 'INNODB_FT_BEING_DELETED'
2014-05-23 16:38:50 1624 [Note] Shutting down plugin 'INNODB_FT_DELETED'
2014-05-23 16:38:50 1624 [Note] Shutting down plugin 'INNODB_FT_DEFAULT_STOPWORD'
2014-05-23 16:38:50 1624 [Note] Shutting down plugin 'INNODB_METRICS'
2014-05-23 16:38:50 1624 [Note] Shutting down plugin 'INNODB_BUFFER_POOL_STATS'
2014-05-23 16:38:50 1624 [Note] Shutting down plugin 'INNODB_BUFFER_PAGE_LRU'
2014-05-23 16:38:50 1624 [Note] Shutting down plugin 'INNODB_BUFFER_PAGE'
2014-05-23 16:38:50 1624 [Note] Shutting down plugin 'INNODB_CMP_PER_INDEX_RESET'
2014-05-23 16:38:50 1624 [Note] Shutting down plugin 'INNODB_CMP_PER_INDEX'
2014-05-23 16:38:50 1624 [Note] Shutting down plugin 'INNODB_CMPMEM_RESET'
2014-05-23 16:38:50 1624 [Note] Shutting down plugin 'INNODB_CMPMEM'
2014-05-23 16:38:50 1624 [Note] Shutting down plugin 'INNODB_CMP_RESET'
2014-05-23 16:38:50 1624 [Note] Shutting down plugin 'INNODB_CMP'
2014-05-23 16:38:50 1624 [Note] Shutting down plugin 'INNODB_LOCK_WAITS'
2014-05-23 16:38:50 1624 [Note] Shutting down plugin 'INNODB_LOCKS'
2014-05-23 16:38:50 1624 [Note] Shutting down plugin 'INNODB_TRX'
2014-05-23 16:38:50 1624 [Note] Shutting down plugin 'InnoDB'
2014-05-23 16:38:50 1624 [Note] InnoDB: FTS optimize thread exiting.
2014-05-23 16:38:50 1624 [Note] InnoDB: Starting shutdown...
2014-05-23 16:38:52 1624 [Note] InnoDB: Shutdown completed; log sequence number 1626184
2014-05-23 16:38:52 1624 [Note] Shutting down plugin 'BLACKHOLE'
2014-05-23 16:38:52 1624 [Note] Shutting down plugin 'ARCHIVE'
2014-05-23 16:38:52 1624 [Note] Shutting down plugin 'MRG_MYISAM'
2014-05-23 16:38:52 1624 [Note] Shutting down plugin 'MyISAM'
2014-05-23 16:38:52 1624 [Note] Shutting down plugin 'MEMORY'
2014-05-23 16:38:52 1624 [Note] Shutting down plugin 'CSV'
2014-05-23 16:38:52 1624 [Note] Shutting down plugin 'sha256_password'
2014-05-23 16:38:52 1624 [Note] Shutting down plugin 'mysql_old_password'
2014-05-23 16:38:52 1624 [Note] Shutting down plugin 'mysql_native_password'
2014-05-23 16:38:52 1624 [Note] Shutting down plugin 'binlog'
2014-05-23 16:38:52 1624 [Note] C:\dev\AutoSet8\Server\MySQL5\bin\mysqld.exe: Shutdown complete

2014-05-26 13:32:24 2044 [Note] Plugin 'FEDERATED' is disabled.
2014-05-26 13:32:24 2044 [Note] InnoDB: The InnoDB memory heap is disabled
2014-05-26 13:32:24 2044 [Note] InnoDB: Mutexes and rw_locks use Windows interlocked functions
2014-05-26 13:32:24 2044 [Note] InnoDB: Compressed tables use zlib 1.2.3
2014-05-26 13:32:24 2044 [Note] InnoDB: Not using CPU crc32 instructions
2014-05-26 13:32:24 2044 [Note] InnoDB: Initializing buffer pool, size = 8.0M
2014-05-26 13:32:24 2044 [Note] InnoDB: Completed initialization of buffer pool
2014-05-26 13:32:24 2044 [Note] InnoDB: Highest supported file format is Barracuda.
2014-05-26 13:32:24 2044 [Note] InnoDB: 128 rollback segment(s) are active.
2014-05-26 13:32:24 2044 [Note] InnoDB: Waiting for purge to start
2014-05-26 13:32:24 2044 [Note] InnoDB: 5.6.13 started; log sequence number 1626184
2014-05-26 13:32:24 2044 [Note] Server hostname (bind-address): '*'; port: 3306
2014-05-26 13:32:24 2044 [Note] IPv6 is available.
2014-05-26 13:32:24 2044 [Note]   - '::' resolves to '::';
2014-05-26 13:32:24 2044 [Note] Server socket created on IP: '::'.
2014-05-26 13:32:33 2044 [Note] Event Scheduler: Loaded 0 events
2014-05-26 13:32:33 2044 [Note] C:\dev\AutoSet8\Server\MySQL5\bin\mysqld.exe: ready for connections.
Version: '5.6.13'  socket: ''  port: 3306  MySQL Community Server (GPL)
2014-05-26 14:17:02 2044 [Note] C:\dev\AutoSet8\Server\MySQL5\bin\mysqld.exe: Normal shutdown

2014-05-26 14:17:02 2044 [Note] Giving 0 client threads a chance to die gracefully
2014-05-26 14:17:02 2044 [Note] Event Scheduler: Purging the queue. 0 events
2014-05-26 14:17:02 2044 [Note] Shutting down slave threads
2014-05-26 14:17:02 2044 [Note] Forcefully disconnecting 0 remaining clients
2014-05-26 14:17:02 2044 [Note] Binlog end
2014-05-26 14:17:02 2044 [Note] Shutting down plugin 'partition'
2014-05-26 14:17:02 2044 [Note] Shutting down plugin 'PERFORMANCE_SCHEMA'
2014-05-26 14:17:02 2044 [Note] Shutting down plugin 'INNODB_SYS_DATAFILES'
2014-05-26 14:17:02 2044 [Note] Shutting down plugin 'INNODB_SYS_TABLESPACES'
2014-05-26 14:17:02 2044 [Note] Shutting down plugin 'INNODB_SYS_FOREIGN_COLS'
2014-05-26 14:17:02 2044 [Note] Shutting down plugin 'INNODB_SYS_FOREIGN'
2014-05-26 14:17:02 2044 [Note] Shutting down plugin 'INNODB_SYS_FIELDS'
2014-05-26 14:17:02 2044 [Note] Shutting down plugin 'INNODB_SYS_COLUMNS'
2014-05-26 14:17:02 2044 [Note] Shutting down plugin 'INNODB_SYS_INDEXES'
2014-05-26 14:17:02 2044 [Note] Shutting down plugin 'INNODB_SYS_TABLESTATS'
2014-05-26 14:17:02 2044 [Note] Shutting down plugin 'INNODB_SYS_TABLES'
2014-05-26 14:17:02 2044 [Note] Shutting down plugin 'INNODB_FT_INDEX_TABLE'
2014-05-26 14:17:02 2044 [Note] Shutting down plugin 'INNODB_FT_INDEX_CACHE'
2014-05-26 14:17:02 2044 [Note] Shutting down plugin 'INNODB_FT_CONFIG'
2014-05-26 14:17:02 2044 [Note] Shutting down plugin 'INNODB_FT_BEING_DELETED'
2014-05-26 14:17:02 2044 [Note] Shutting down plugin 'INNODB_FT_DELETED'
2014-05-26 14:17:02 2044 [Note] Shutting down plugin 'INNODB_FT_DEFAULT_STOPWORD'
2014-05-26 14:17:02 2044 [Note] Shutting down plugin 'INNODB_METRICS'
2014-05-26 14:17:02 2044 [Note] Shutting down plugin 'INNODB_BUFFER_POOL_STATS'
2014-05-26 14:17:02 2044 [Note] Shutting down plugin 'INNODB_BUFFER_PAGE_LRU'
2014-05-26 14:17:02 2044 [Note] Shutting down plugin 'INNODB_BUFFER_PAGE'
2014-05-26 14:17:02 2044 [Note] Shutting down plugin 'INNODB_CMP_PER_INDEX_RESET'
2014-05-26 14:17:02 2044 [Note] Shutting down plugin 'INNODB_CMP_PER_INDEX'
2014-05-26 14:17:02 2044 [Note] Shutting down plugin 'INNODB_CMPMEM_RESET'
2014-05-26 14:17:02 2044 [Note] Shutting down plugin 'INNODB_CMPMEM'
2014-05-26 14:17:02 2044 [Note] Shutting down plugin 'INNODB_CMP_RESET'
2014-05-26 14:17:02 2044 [Note] Shutting down plugin 'INNODB_CMP'
2014-05-26 14:17:02 2044 [Note] Shutting down plugin 'INNODB_LOCK_WAITS'
2014-05-26 14:17:02 2044 [Note] Shutting down plugin 'INNODB_LOCKS'
2014-05-26 14:17:02 2044 [Note] Shutting down plugin 'INNODB_TRX'
2014-05-26 14:17:02 2044 [Note] Shutting down plugin 'InnoDB'
2014-05-26 14:17:02 2044 [Note] InnoDB: FTS optimize thread exiting.
2014-05-26 14:17:02 2044 [Note] InnoDB: Starting shutdown...
2014-05-26 14:17:04 2044 [Note] InnoDB: Shutdown completed; log sequence number 1626194
2014-05-26 14:17:04 2044 [Note] Shutting down plugin 'BLACKHOLE'
2014-05-26 14:17:04 2044 [Note] Shutting down plugin 'ARCHIVE'
2014-05-26 14:17:04 2044 [Note] Shutting down plugin 'MRG_MYISAM'
2014-05-26 14:17:04 2044 [Note] Shutting down plugin 'MyISAM'
2014-05-26 14:17:04 2044 [Note] Shutting down plugin 'MEMORY'
2014-05-26 14:17:04 2044 [Note] Shutting down plugin 'CSV'
2014-05-26 14:17:04 2044 [Note] Shutting down plugin 'sha256_password'
2014-05-26 14:17:04 2044 [Note] Shutting down plugin 'mysql_old_password'
2014-05-26 14:17:04 2044 [Note] Shutting down plugin 'mysql_native_password'
2014-05-26 14:17:04 2044 [Note] Shutting down plugin 'binlog'
2014-05-26 14:17:04 2044 [Note] C:\dev\AutoSet8\Server\MySQL5\bin\mysqld.exe: Shutdown complete

2014-05-26 14:17:37 1920 [Note] Plugin 'FEDERATED' is disabled.
2014-05-26 14:17:37 1920 [Note] InnoDB: The InnoDB memory heap is disabled
2014-05-26 14:17:37 1920 [Note] InnoDB: Mutexes and rw_locks use Windows interlocked functions
2014-05-26 14:17:37 1920 [Note] InnoDB: Compressed tables use zlib 1.2.3
2014-05-26 14:17:37 1920 [Note] InnoDB: Not using CPU crc32 instructions
2014-05-26 14:17:37 1920 [Note] InnoDB: Initializing buffer pool, size = 8.0M
2014-05-26 14:17:37 1920 [Note] InnoDB: Completed initialization of buffer pool
2014-05-26 14:17:37 1920 [Note] InnoDB: Highest supported file format is Barracuda.
2014-05-26 14:17:37 1920 [Note] InnoDB: 128 rollback segment(s) are active.
2014-05-26 14:17:37 1920 [Note] InnoDB: Waiting for purge to start
2014-05-26 14:17:38 1920 [Note] InnoDB: 5.6.13 started; log sequence number 1626194
2014-05-26 14:17:38 1920 [Note] Server hostname (bind-address): '*'; port: 3306
2014-05-26 14:17:38 1920 [Note] IPv6 is available.
2014-05-26 14:17:38 1920 [Note]   - '::' resolves to '::';
2014-05-26 14:17:38 1920 [Note] Server socket created on IP: '::'.
2014-05-26 14:17:38 1920 [Note] Event Scheduler: Loaded 0 events
2014-05-26 14:17:38 1920 [Note] C:\dev\AutoSet8\Server\MySQL5\bin\mysqld.exe: ready for connections.
Version: '5.6.13'  socket: ''  port: 3306  MySQL Community Server (GPL)
2014-05-26 14:55:37 1920 [Note] C:\dev\AutoSet8\Server\MySQL5\bin\mysqld.exe: Normal shutdown

2014-05-26 14:55:37 1920 [Note] Giving 0 client threads a chance to die gracefully
2014-05-26 14:55:37 1920 [Note] Event Scheduler: Purging the queue. 0 events
2014-05-26 14:55:37 1920 [Note] Shutting down slave threads
2014-05-26 14:55:38 1920 [Note] Forcefully disconnecting 0 remaining clients
2014-05-26 14:55:38 1920 [Note] Binlog end
2014-05-26 14:55:38 1920 [Note] Shutting down plugin 'partition'
2014-05-26 14:55:38 1920 [Note] Shutting down plugin 'PERFORMANCE_SCHEMA'
2014-05-26 14:55:38 1920 [Note] Shutting down plugin 'INNODB_SYS_DATAFILES'
2014-05-26 14:55:38 1920 [Note] Shutting down plugin 'INNODB_SYS_TABLESPACES'
2014-05-26 14:55:38 1920 [Note] Shutting down plugin 'INNODB_SYS_FOREIGN_COLS'
2014-05-26 14:55:38 1920 [Note] Shutting down plugin 'INNODB_SYS_FOREIGN'
2014-05-26 14:55:38 1920 [Note] Shutting down plugin 'INNODB_SYS_FIELDS'
2014-05-26 14:55:38 1920 [Note] Shutting down plugin 'INNODB_SYS_COLUMNS'
2014-05-26 14:55:38 1920 [Note] Shutting down plugin 'INNODB_SYS_INDEXES'
2014-05-26 14:55:38 1920 [Note] Shutting down plugin 'INNODB_SYS_TABLESTATS'
2014-05-26 14:55:38 1920 [Note] Shutting down plugin 'INNODB_SYS_TABLES'
2014-05-26 14:55:38 1920 [Note] Shutting down plugin 'INNODB_FT_INDEX_TABLE'
2014-05-26 14:55:38 1920 [Note] Shutting down plugin 'INNODB_FT_INDEX_CACHE'
2014-05-26 14:55:38 1920 [Note] Shutting down plugin 'INNODB_FT_CONFIG'
2014-05-26 14:55:38 1920 [Note] Shutting down plugin 'INNODB_FT_BEING_DELETED'
2014-05-26 14:55:38 1920 [Note] Shutting down plugin 'INNODB_FT_DELETED'
2014-05-26 14:55:38 1920 [Note] Shutting down plugin 'INNODB_FT_DEFAULT_STOPWORD'
2014-05-26 14:55:38 1920 [Note] Shutting down plugin 'INNODB_METRICS'
2014-05-26 14:55:38 1920 [Note] Shutting down plugin 'INNODB_BUFFER_POOL_STATS'
2014-05-26 14:55:38 1920 [Note] Shutting down plugin 'INNODB_BUFFER_PAGE_LRU'
2014-05-26 14:55:38 1920 [Note] Shutting down plugin 'INNODB_BUFFER_PAGE'
2014-05-26 14:55:38 1920 [Note] Shutting down plugin 'INNODB_CMP_PER_INDEX_RESET'
2014-05-26 14:55:38 1920 [Note] Shutting down plugin 'INNODB_CMP_PER_INDEX'
2014-05-26 14:55:38 1920 [Note] Shutting down plugin 'INNODB_CMPMEM_RESET'
2014-05-26 14:55:38 1920 [Note] Shutting down plugin 'INNODB_CMPMEM'
2014-05-26 14:55:38 1920 [Note] Shutting down plugin 'INNODB_CMP_RESET'
2014-05-26 14:55:38 1920 [Note] Shutting down plugin 'INNODB_CMP'
2014-05-26 14:55:38 1920 [Note] Shutting down plugin 'INNODB_LOCK_WAITS'
2014-05-26 14:55:38 1920 [Note] Shutting down plugin 'INNODB_LOCKS'
2014-05-26 14:55:38 1920 [Note] Shutting down plugin 'INNODB_TRX'
2014-05-26 14:55:38 1920 [Note] Shutting down plugin 'InnoDB'
2014-05-26 14:55:38 1920 [Note] InnoDB: FTS optimize thread exiting.
2014-05-26 14:55:38 1920 [Note] InnoDB: Starting shutdown...
2014-05-26 14:55:40 1920 [Note] InnoDB: Shutdown completed; log sequence number 1626204
2014-05-26 14:55:40 1920 [Note] Shutting down plugin 'BLACKHOLE'
2014-05-26 14:55:40 1920 [Note] Shutting down plugin 'ARCHIVE'
2014-05-26 14:55:40 1920 [Note] Shutting down plugin 'MRG_MYISAM'
2014-05-26 14:55:40 1920 [Note] Shutting down plugin 'MyISAM'
2014-05-26 14:55:40 1920 [Note] Shutting down plugin 'MEMORY'
2014-05-26 14:55:40 1920 [Note] Shutting down plugin 'CSV'
2014-05-26 14:55:40 1920 [Note] Shutting down plugin 'sha256_password'
2014-05-26 14:55:40 1920 [Note] Shutting down plugin 'mysql_old_password'
2014-05-26 14:55:40 1920 [Note] Shutting down plugin 'mysql_native_password'
2014-05-26 14:55:40 1920 [Note] Shutting down plugin 'binlog'
2014-05-26 14:55:40 1920 [Note] C:\dev\AutoSet8\Server\MySQL5\bin\mysqld.exe: Shutdown complete

2014-05-26 14:56:26 2340 [Note] Plugin 'FEDERATED' is disabled.
2014-05-26 14:56:26 2340 [Note] InnoDB: The InnoDB memory heap is disabled
2014-05-26 14:56:26 2340 [Note] InnoDB: Mutexes and rw_locks use Windows interlocked functions
2014-05-26 14:56:26 2340 [Note] InnoDB: Compressed tables use zlib 1.2.3
2014-05-26 14:56:26 2340 [Note] InnoDB: Not using CPU crc32 instructions
2014-05-26 14:56:26 2340 [Note] InnoDB: Initializing buffer pool, size = 8.0M
2014-05-26 14:56:26 2340 [Note] InnoDB: Completed initialization of buffer pool
2014-05-26 14:56:26 2340 [Note] InnoDB: Highest supported file format is Barracuda.
2014-05-26 14:56:26 2340 [Note] InnoDB: 128 rollback segment(s) are active.
2014-05-26 14:56:26 2340 [Note] InnoDB: Waiting for purge to start
2014-05-26 14:56:26 2340 [Note] InnoDB: 5.6.13 started; log sequence number 1626204
2014-05-26 14:56:26 2340 [Note] Server hostname (bind-address): '*'; port: 3306
2014-05-26 14:56:26 2340 [Note] IPv6 is available.
2014-05-26 14:56:26 2340 [Note]   - '::' resolves to '::';
2014-05-26 14:56:26 2340 [Note] Server socket created on IP: '::'.
2014-05-26 14:56:26 2340 [Note] Event Scheduler: Loaded 0 events
2014-05-26 14:56:26 2340 [Note] C:\dev\AutoSet8\Server\MySQL5\bin\mysqld.exe: ready for connections.
Version: '5.6.13'  socket: ''  port: 3306  MySQL Community Server (GPL)
2014-05-26 20:58:34 2340 [Note] C:\dev\AutoSet8\Server\MySQL5\bin\mysqld.exe: Normal shutdown

2014-05-26 20:58:34 2340 [Note] Giving 0 client threads a chance to die gracefully
2014-05-26 20:58:34 2340 [Note] Event Scheduler: Purging the queue. 0 events
2014-05-26 20:58:34 2340 [Note] Shutting down slave threads
2014-05-26 20:58:34 2340 [Note] Forcefully disconnecting 0 remaining clients
2014-05-26 20:58:34 2340 [Note] Binlog end
2014-05-26 20:58:34 2340 [Note] Shutting down plugin 'partition'
2014-05-26 20:58:34 2340 [Note] Shutting down plugin 'PERFORMANCE_SCHEMA'
2014-05-26 20:58:34 2340 [Note] Shutting down plugin 'INNODB_SYS_DATAFILES'
2014-05-26 20:58:34 2340 [Note] Shutting down plugin 'INNODB_SYS_TABLESPACES'
2014-05-26 20:58:34 2340 [Note] Shutting down plugin 'INNODB_SYS_FOREIGN_COLS'
2014-05-26 20:58:34 2340 [Note] Shutting down plugin 'INNODB_SYS_FOREIGN'
2014-05-26 20:58:34 2340 [Note] Shutting down plugin 'INNODB_SYS_FIELDS'
2014-05-26 20:58:34 2340 [Note] Shutting down plugin 'INNODB_SYS_COLUMNS'
2014-05-26 20:58:34 2340 [Note] Shutting down plugin 'INNODB_SYS_INDEXES'
2014-05-26 20:58:34 2340 [Note] Shutting down plugin 'INNODB_SYS_TABLESTATS'
2014-05-26 20:58:34 2340 [Note] Shutting down plugin 'INNODB_SYS_TABLES'
2014-05-26 20:58:34 2340 [Note] Shutting down plugin 'INNODB_FT_INDEX_TABLE'
2014-05-26 20:58:34 2340 [Note] Shutting down plugin 'INNODB_FT_INDEX_CACHE'
2014-05-26 20:58:34 2340 [Note] Shutting down plugin 'INNODB_FT_CONFIG'
2014-05-26 20:58:34 2340 [Note] Shutting down plugin 'INNODB_FT_BEING_DELETED'
2014-05-26 20:58:34 2340 [Note] Shutting down plugin 'INNODB_FT_DELETED'
2014-05-26 20:58:34 2340 [Note] Shutting down plugin 'INNODB_FT_DEFAULT_STOPWORD'
2014-05-26 20:58:34 2340 [Note] Shutting down plugin 'INNODB_METRICS'
2014-05-26 20:58:34 2340 [Note] Shutting down plugin 'INNODB_BUFFER_POOL_STATS'
2014-05-26 20:58:34 2340 [Note] Shutting down plugin 'INNODB_BUFFER_PAGE_LRU'
2014-05-26 20:58:34 2340 [Note] Shutting down plugin 'INNODB_BUFFER_PAGE'
2014-05-26 20:58:34 2340 [Note] Shutting down plugin 'INNODB_CMP_PER_INDEX_RESET'
2014-05-26 20:58:34 2340 [Note] Shutting down plugin 'INNODB_CMP_PER_INDEX'
2014-05-26 20:58:34 2340 [Note] Shutting down plugin 'INNODB_CMPMEM_RESET'
2014-05-26 20:58:34 2340 [Note] Shutting down plugin 'INNODB_CMPMEM'
2014-05-26 20:58:34 2340 [Note] Shutting down plugin 'INNODB_CMP_RESET'
2014-05-26 20:58:34 2340 [Note] Shutting down plugin 'INNODB_CMP'
2014-05-26 20:58:34 2340 [Note] Shutting down plugin 'INNODB_LOCK_WAITS'
2014-05-26 20:58:34 2340 [Note] Shutting down plugin 'INNODB_LOCKS'
2014-05-26 20:58:34 2340 [Note] Shutting down plugin 'INNODB_TRX'
2014-05-26 20:58:34 2340 [Note] Shutting down plugin 'InnoDB'
2014-05-26 20:58:34 2340 [Note] InnoDB: FTS optimize thread exiting.
2014-05-26 20:58:34 2340 [Note] InnoDB: Starting shutdown...
2014-05-26 20:58:36 2340 [Note] InnoDB: Shutdown completed; log sequence number 1626214
2014-05-26 20:58:36 2340 [Note] Shutting down plugin 'BLACKHOLE'
2014-05-26 20:58:36 2340 [Note] Shutting down plugin 'ARCHIVE'
2014-05-26 20:58:36 2340 [Note] Shutting down plugin 'MRG_MYISAM'
2014-05-26 20:58:36 2340 [Note] Shutting down plugin 'MyISAM'
2014-05-26 20:58:36 2340 [Note] Shutting down plugin 'MEMORY'
2014-05-26 20:58:36 2340 [Note] Shutting down plugin 'CSV'
2014-05-26 20:58:36 2340 [Note] Shutting down plugin 'sha256_password'
2014-05-26 20:58:36 2340 [Note] Shutting down plugin 'mysql_old_password'
2014-05-26 20:58:36 2340 [Note] Shutting down plugin 'mysql_native_password'
2014-05-26 20:58:36 2340 [Note] Shutting down plugin 'binlog'
2014-05-26 20:58:36 2340 [Note] C:\dev\AutoSet8\Server\MySQL5\bin\mysqld.exe: Shutdown complete

2014-05-26 20:59:20 1988 [Note] Plugin 'FEDERATED' is disabled.
2014-05-26 20:59:20 1988 [Note] InnoDB: The InnoDB memory heap is disabled
2014-05-26 20:59:20 1988 [Note] InnoDB: Mutexes and rw_locks use Windows interlocked functions
2014-05-26 20:59:20 1988 [Note] InnoDB: Compressed tables use zlib 1.2.3
2014-05-26 20:59:20 1988 [Note] InnoDB: Not using CPU crc32 instructions
2014-05-26 20:59:20 1988 [Note] InnoDB: Initializing buffer pool, size = 8.0M
2014-05-26 20:59:20 1988 [Note] InnoDB: Completed initialization of buffer pool
2014-05-26 20:59:20 1988 [Note] InnoDB: Highest supported file format is Barracuda.
2014-05-26 20:59:20 1988 [Note] InnoDB: 128 rollback segment(s) are active.
2014-05-26 20:59:20 1988 [Note] InnoDB: Waiting for purge to start
2014-05-26 20:59:20 1988 [Note] InnoDB: 5.6.13 started; log sequence number 1626214
2014-05-26 20:59:20 1988 [Note] Server hostname (bind-address): '*'; port: 3306
2014-05-26 20:59:20 1988 [Note] IPv6 is available.
2014-05-26 20:59:20 1988 [Note]   - '::' resolves to '::';
2014-05-26 20:59:20 1988 [Note] Server socket created on IP: '::'.
2014-05-26 20:59:20 1988 [Note] Event Scheduler: Loaded 0 events
2014-05-26 20:59:20 1988 [Note] C:\dev\AutoSet8\Server\MySQL5\bin\mysqld.exe: ready for connections.
Version: '5.6.13'  socket: ''  port: 3306  MySQL Community Server (GPL)
2014-05-27 01:57:29 1988 [Note] C:\dev\AutoSet8\Server\MySQL5\bin\mysqld.exe: Normal shutdown

2014-05-27 01:57:29 1988 [Note] Giving 0 client threads a chance to die gracefully
2014-05-27 01:57:29 1988 [Note] Event Scheduler: Purging the queue. 0 events
2014-05-27 01:57:29 1988 [Note] Shutting down slave threads
2014-05-27 01:57:29 1988 [Note] Forcefully disconnecting 0 remaining clients
2014-05-27 01:57:29 1988 [Note] Binlog end
2014-05-27 01:57:29 1988 [Note] Shutting down plugin 'partition'
2014-05-27 01:57:29 1988 [Note] Shutting down plugin 'PERFORMANCE_SCHEMA'
2014-05-27 01:57:29 1988 [Note] Shutting down plugin 'INNODB_SYS_DATAFILES'
2014-05-27 01:57:30 1988 [Note] Shutting down plugin 'INNODB_SYS_TABLESPACES'
2014-05-27 01:57:30 1988 [Note] Shutting down plugin 'INNODB_SYS_FOREIGN_COLS'
2014-05-27 01:57:30 1988 [Note] Shutting down plugin 'INNODB_SYS_FOREIGN'
2014-05-27 01:57:30 1988 [Note] Shutting down plugin 'INNODB_SYS_FIELDS'
2014-05-27 01:57:30 1988 [Note] Shutting down plugin 'INNODB_SYS_COLUMNS'
2014-05-27 01:57:30 1988 [Note] Shutting down plugin 'INNODB_SYS_INDEXES'
2014-05-27 01:57:30 1988 [Note] Shutting down plugin 'INNODB_SYS_TABLESTATS'
2014-05-27 01:57:30 1988 [Note] Shutting down plugin 'INNODB_SYS_TABLES'
2014-05-27 01:57:30 1988 [Note] Shutting down plugin 'INNODB_FT_INDEX_TABLE'
2014-05-27 01:57:30 1988 [Note] Shutting down plugin 'INNODB_FT_INDEX_CACHE'
2014-05-27 01:57:30 1988 [Note] Shutting down plugin 'INNODB_FT_CONFIG'
2014-05-27 01:57:30 1988 [Note] Shutting down plugin 'INNODB_FT_BEING_DELETED'
2014-05-27 01:57:30 1988 [Note] Shutting down plugin 'INNODB_FT_DELETED'
2014-05-27 01:57:30 1988 [Note] Shutting down plugin 'INNODB_FT_DEFAULT_STOPWORD'
2014-05-27 01:57:30 1988 [Note] Shutting down plugin 'INNODB_METRICS'
2014-05-27 01:57:30 1988 [Note] Shutting down plugin 'INNODB_BUFFER_POOL_STATS'
2014-05-27 01:57:30 1988 [Note] Shutting down plugin 'INNODB_BUFFER_PAGE_LRU'
2014-05-27 01:57:30 1988 [Note] Shutting down plugin 'INNODB_BUFFER_PAGE'
2014-05-27 01:57:30 1988 [Note] Shutting down plugin 'INNODB_CMP_PER_INDEX_RESET'
2014-05-27 01:57:30 1988 [Note] Shutting down plugin 'INNODB_CMP_PER_INDEX'
2014-05-27 01:57:30 1988 [Note] Shutting down plugin 'INNODB_CMPMEM_RESET'
2014-05-27 01:57:30 1988 [Note] Shutting down plugin 'INNODB_CMPMEM'
2014-05-27 01:57:30 1988 [Note] Shutting down plugin 'INNODB_CMP_RESET'
2014-05-27 01:57:30 1988 [Note] Shutting down plugin 'INNODB_CMP'
2014-05-27 01:57:30 1988 [Note] Shutting down plugin 'INNODB_LOCK_WAITS'
2014-05-27 01:57:30 1988 [Note] Shutting down plugin 'INNODB_LOCKS'
2014-05-27 01:57:30 1988 [Note] Shutting down plugin 'INNODB_TRX'
2014-05-27 01:57:30 1988 [Note] Shutting down plugin 'InnoDB'
2014-05-27 01:57:30 1988 [Note] InnoDB: FTS optimize thread exiting.
2014-05-27 01:57:30 1988 [Note] InnoDB: Starting shutdown...
2014-05-27 01:57:31 1988 [Note] InnoDB: Shutdown completed; log sequence number 1626224
2014-05-27 01:57:31 1988 [Note] Shutting down plugin 'BLACKHOLE'
2014-05-27 01:57:31 1988 [Note] Shutting down plugin 'ARCHIVE'
2014-05-27 01:57:31 1988 [Note] Shutting down plugin 'MRG_MYISAM'
2014-05-27 01:57:31 1988 [Note] Shutting down plugin 'MyISAM'
2014-05-27 01:57:31 1988 [Note] Shutting down plugin 'MEMORY'
2014-05-27 01:57:31 1988 [Note] Shutting down plugin 'CSV'
2014-05-27 01:57:31 1988 [Note] Shutting down plugin 'sha256_password'
2014-05-27 01:57:31 1988 [Note] Shutting down plugin 'mysql_old_password'
2014-05-27 01:57:31 1988 [Note] Shutting down plugin 'mysql_native_password'
2014-05-27 01:57:31 1988 [Note] Shutting down plugin 'binlog'
2014-05-27 01:57:31 1988 [Note] C:\dev\AutoSet8\Server\MySQL5\bin\mysqld.exe: Shutdown complete

2014-05-27 10:01:04 1540 [Note] Plugin 'FEDERATED' is disabled.
2014-05-27 10:01:04 1540 [Note] InnoDB: The InnoDB memory heap is disabled
2014-05-27 10:01:04 1540 [Note] InnoDB: Mutexes and rw_locks use Windows interlocked functions
2014-05-27 10:01:04 1540 [Note] InnoDB: Compressed tables use zlib 1.2.3
2014-05-27 10:01:04 1540 [Note] InnoDB: Not using CPU crc32 instructions
2014-05-27 10:01:04 1540 [Note] InnoDB: Initializing buffer pool, size = 8.0M
2014-05-27 10:01:04 1540 [Note] InnoDB: Completed initialization of buffer pool
2014-05-27 10:01:04 1540 [Note] InnoDB: Highest supported file format is Barracuda.
2014-05-27 10:01:04 1540 [Note] InnoDB: 128 rollback segment(s) are active.
2014-05-27 10:01:04 1540 [Note] InnoDB: Waiting for purge to start
2014-05-27 10:01:04 1540 [Note] InnoDB: 5.6.13 started; log sequence number 1626224
2014-05-27 10:01:04 1540 [Note] Server hostname (bind-address): '*'; port: 3306
2014-05-27 10:01:04 1540 [Note] IPv6 is available.
2014-05-27 10:01:04 1540 [Note]   - '::' resolves to '::';
2014-05-27 10:01:04 1540 [Note] Server socket created on IP: '::'.
2014-05-27 10:01:04 1540 [Note] Event Scheduler: Loaded 0 events
2014-05-27 10:01:04 1540 [Note] C:\dev\AutoSet8\Server\MySQL5\bin\mysqld.exe: ready for connections.
Version: '5.6.13'  socket: ''  port: 3306  MySQL Community Server (GPL)
2014-05-28 01:30:58 1540 [Note] C:\dev\AutoSet8\Server\MySQL5\bin\mysqld.exe: Normal shutdown

2014-05-28 01:30:58 1540 [Note] Giving 0 client threads a chance to die gracefully
2014-05-28 01:30:58 1540 [Note] Event Scheduler: Purging the queue. 0 events
2014-05-28 01:30:58 1540 [Note] Shutting down slave threads
2014-05-28 01:30:58 1540 [Note] Forcefully disconnecting 0 remaining clients
2014-05-28 01:30:58 1540 [Note] Binlog end
2014-05-28 01:30:58 1540 [Note] Shutting down plugin 'partition'
2014-05-28 01:30:58 1540 [Note] Shutting down plugin 'PERFORMANCE_SCHEMA'
2014-05-28 01:30:58 1540 [Note] Shutting down plugin 'INNODB_SYS_DATAFILES'
2014-05-28 01:30:58 1540 [Note] Shutting down plugin 'INNODB_SYS_TABLESPACES'
2014-05-28 01:30:58 1540 [Note] Shutting down plugin 'INNODB_SYS_FOREIGN_COLS'
2014-05-28 01:30:58 1540 [Note] Shutting down plugin 'INNODB_SYS_FOREIGN'
2014-05-28 01:30:58 1540 [Note] Shutting down plugin 'INNODB_SYS_FIELDS'
2014-05-28 01:30:58 1540 [Note] Shutting down plugin 'INNODB_SYS_COLUMNS'
2014-05-28 01:30:58 1540 [Note] Shutting down plugin 'INNODB_SYS_INDEXES'
2014-05-28 01:30:58 1540 [Note] Shutting down plugin 'INNODB_SYS_TABLESTATS'
2014-05-28 01:30:58 1540 [Note] Shutting down plugin 'INNODB_SYS_TABLES'
2014-05-28 01:30:58 1540 [Note] Shutting down plugin 'INNODB_FT_INDEX_TABLE'
2014-05-28 01:30:58 1540 [Note] Shutting down plugin 'INNODB_FT_INDEX_CACHE'
2014-05-28 01:30:58 1540 [Note] Shutting down plugin 'INNODB_FT_CONFIG'
2014-05-28 01:30:58 1540 [Note] Shutting down plugin 'INNODB_FT_BEING_DELETED'
2014-05-28 01:30:58 1540 [Note] Shutting down plugin 'INNODB_FT_DELETED'
2014-05-28 01:30:58 1540 [Note] Shutting down plugin 'INNODB_FT_DEFAULT_STOPWORD'
2014-05-28 01:30:58 1540 [Note] Shutting down plugin 'INNODB_METRICS'
2014-05-28 01:30:58 1540 [Note] Shutting down plugin 'INNODB_BUFFER_POOL_STATS'
2014-05-28 01:30:58 1540 [Note] Shutting down plugin 'INNODB_BUFFER_PAGE_LRU'
2014-05-28 01:30:58 1540 [Note] Shutting down plugin 'INNODB_BUFFER_PAGE'
2014-05-28 01:30:58 1540 [Note] Shutting down plugin 'INNODB_CMP_PER_INDEX_RESET'
2014-05-28 01:30:58 1540 [Note] Shutting down plugin 'INNODB_CMP_PER_INDEX'
2014-05-28 01:30:58 1540 [Note] Shutting down plugin 'INNODB_CMPMEM_RESET'
2014-05-28 01:30:58 1540 [Note] Shutting down plugin 'INNODB_CMPMEM'
2014-05-28 01:30:58 1540 [Note] Shutting down plugin 'INNODB_CMP_RESET'
2014-05-28 01:30:58 1540 [Note] Shutting down plugin 'INNODB_CMP'
2014-05-28 01:30:58 1540 [Note] Shutting down plugin 'INNODB_LOCK_WAITS'
2014-05-28 01:30:58 1540 [Note] Shutting down plugin 'INNODB_LOCKS'
2014-05-28 01:30:58 1540 [Note] Shutting down plugin 'INNODB_TRX'
2014-05-28 01:30:58 1540 [Note] Shutting down plugin 'InnoDB'
2014-05-28 01:30:58 1540 [Note] InnoDB: FTS optimize thread exiting.
2014-05-28 01:30:58 1540 [Note] InnoDB: Starting shutdown...
2014-05-28 01:30:59 1540 [Note] InnoDB: Shutdown completed; log sequence number 1706885
2014-05-28 01:30:59 1540 [Note] Shutting down plugin 'BLACKHOLE'
2014-05-28 01:30:59 1540 [Note] Shutting down plugin 'ARCHIVE'
2014-05-28 01:30:59 1540 [Note] Shutting down plugin 'MRG_MYISAM'
2014-05-28 01:30:59 1540 [Note] Shutting down plugin 'MyISAM'
2014-05-28 01:30:59 1540 [Note] Shutting down plugin 'MEMORY'
2014-05-28 01:30:59 1540 [Note] Shutting down plugin 'CSV'
2014-05-28 01:30:59 1540 [Note] Shutting down plugin 'sha256_password'
2014-05-28 01:30:59 1540 [Note] Shutting down plugin 'mysql_old_password'
2014-05-28 01:30:59 1540 [Note] Shutting down plugin 'mysql_native_password'
2014-05-28 01:30:59 1540 [Note] Shutting down plugin 'binlog'
2014-05-28 01:30:59 1540 [Note] C:\dev\AutoSet8\Server\MySQL5\bin\mysqld.exe: Shutdown complete

2014-05-28 14:02:59 1988 [Note] Plugin 'FEDERATED' is disabled.
2014-05-28 14:02:59 1988 [Note] InnoDB: The InnoDB memory heap is disabled
2014-05-28 14:02:59 1988 [Note] InnoDB: Mutexes and rw_locks use Windows interlocked functions
2014-05-28 14:02:59 1988 [Note] InnoDB: Compressed tables use zlib 1.2.3
2014-05-28 14:02:59 1988 [Note] InnoDB: Not using CPU crc32 instructions
2014-05-28 14:02:59 1988 [Note] InnoDB: Initializing buffer pool, size = 8.0M
2014-05-28 14:02:59 1988 [Note] InnoDB: Completed initialization of buffer pool
2014-05-28 14:03:00 1988 [Note] InnoDB: Highest supported file format is Barracuda.
2014-05-28 14:03:01 1988 [Note] InnoDB: 128 rollback segment(s) are active.
2014-05-28 14:03:01 1988 [Note] InnoDB: Waiting for purge to start
2014-05-28 14:03:01 1988 [Note] InnoDB: 5.6.13 started; log sequence number 1706885
2014-05-28 14:03:01 1988 [Note] Server hostname (bind-address): '*'; port: 3306
2014-05-28 14:03:01 1988 [Note] IPv6 is available.
2014-05-28 14:03:01 1988 [Note]   - '::' resolves to '::';
2014-05-28 14:03:01 1988 [Note] Server socket created on IP: '::'.
2014-05-28 14:03:04 1988 [Note] Event Scheduler: Loaded 0 events
2014-05-28 14:03:04 1988 [Note] C:\dev\AutoSet8\Server\MySQL5\bin\mysqld.exe: ready for connections.
Version: '5.6.13'  socket: ''  port: 3306  MySQL Community Server (GPL)
2014-05-28 18:17:05 1988 [Note] C:\dev\AutoSet8\Server\MySQL5\bin\mysqld.exe: Normal shutdown

2014-05-28 18:17:05 1988 [Note] Giving 0 client threads a chance to die gracefully
2014-05-28 18:17:05 1988 [Note] Event Scheduler: Purging the queue. 0 events
2014-05-28 18:17:05 1988 [Note] Shutting down slave threads
2014-05-28 18:17:05 1988 [Note] Forcefully disconnecting 0 remaining clients
2014-05-28 18:17:05 1988 [Note] Binlog end
2014-05-28 18:17:05 1988 [Note] Shutting down plugin 'partition'
2014-05-28 18:17:05 1988 [Note] Shutting down plugin 'PERFORMANCE_SCHEMA'
2014-05-28 18:17:05 1988 [Note] Shutting down plugin 'INNODB_SYS_DATAFILES'
2014-05-28 18:17:06 1988 [Note] Shutting down plugin 'INNODB_SYS_TABLESPACES'
2014-05-28 18:17:06 1988 [Note] Shutting down plugin 'INNODB_SYS_FOREIGN_COLS'
2014-05-28 18:17:06 1988 [Note] Shutting down plugin 'INNODB_SYS_FOREIGN'
2014-05-28 18:17:06 1988 [Note] Shutting down plugin 'INNODB_SYS_FIELDS'
2014-05-28 18:17:06 1988 [Note] Shutting down plugin 'INNODB_SYS_COLUMNS'
2014-05-28 18:17:06 1988 [Note] Shutting down plugin 'INNODB_SYS_INDEXES'
2014-05-28 18:17:06 1988 [Note] Shutting down plugin 'INNODB_SYS_TABLESTATS'
2014-05-28 18:17:06 1988 [Note] Shutting down plugin 'INNODB_SYS_TABLES'
2014-05-28 18:17:06 1988 [Note] Shutting down plugin 'INNODB_FT_INDEX_TABLE'
2014-05-28 18:17:06 1988 [Note] Shutting down plugin 'INNODB_FT_INDEX_CACHE'
2014-05-28 18:17:06 1988 [Note] Shutting down plugin 'INNODB_FT_CONFIG'
2014-05-28 18:17:06 1988 [Note] Shutting down plugin 'INNODB_FT_BEING_DELETED'
2014-05-28 18:17:06 1988 [Note] Shutting down plugin 'INNODB_FT_DELETED'
2014-05-28 18:17:06 1988 [Note] Shutting down plugin 'INNODB_FT_DEFAULT_STOPWORD'
2014-05-28 18:17:06 1988 [Note] Shutting down plugin 'INNODB_METRICS'
2014-05-28 18:17:06 1988 [Note] Shutting down plugin 'INNODB_BUFFER_POOL_STATS'
2014-05-28 18:17:06 1988 [Note] Shutting down plugin 'INNODB_BUFFER_PAGE_LRU'
2014-05-28 18:17:06 1988 [Note] Shutting down plugin 'INNODB_BUFFER_PAGE'
2014-05-28 18:17:06 1988 [Note] Shutting down plugin 'INNODB_CMP_PER_INDEX_RESET'
2014-05-28 18:17:06 1988 [Note] Shutting down plugin 'INNODB_CMP_PER_INDEX'
2014-05-28 18:17:06 1988 [Note] Shutting down plugin 'INNODB_CMPMEM_RESET'
2014-05-28 18:17:06 1988 [Note] Shutting down plugin 'INNODB_CMPMEM'
2014-05-28 18:17:06 1988 [Note] Shutting down plugin 'INNODB_CMP_RESET'
2014-05-28 18:17:06 1988 [Note] Shutting down plugin 'INNODB_CMP'
2014-05-28 18:17:06 1988 [Note] Shutting down plugin 'INNODB_LOCK_WAITS'
2014-05-28 18:17:06 1988 [Note] Shutting down plugin 'INNODB_LOCKS'
2014-05-28 18:17:06 1988 [Note] Shutting down plugin 'INNODB_TRX'
2014-05-28 18:17:06 1988 [Note] Shutting down plugin 'InnoDB'
2014-05-28 18:17:06 1988 [Note] InnoDB: FTS optimize thread exiting.
2014-05-28 18:17:06 1988 [Note] InnoDB: Starting shutdown...
2014-05-28 18:17:07 1988 [Note] InnoDB: Shutdown completed; log sequence number 1706895
2014-05-28 18:17:07 1988 [Note] Shutting down plugin 'BLACKHOLE'
2014-05-28 18:17:07 1988 [Note] Shutting down plugin 'ARCHIVE'
2014-05-28 18:17:07 1988 [Note] Shutting down plugin 'MRG_MYISAM'
2014-05-28 18:17:07 1988 [Note] Shutting down plugin 'MyISAM'
2014-05-28 18:17:07 1988 [Note] Shutting down plugin 'MEMORY'
2014-05-28 18:17:07 1988 [Note] Shutting down plugin 'CSV'
2014-05-28 18:17:07 1988 [Note] Shutting down plugin 'sha256_password'
2014-05-28 18:17:07 1988 [Note] Shutting down plugin 'mysql_old_password'
2014-05-28 18:17:07 1988 [Note] Shutting down plugin 'mysql_native_password'
2014-05-28 18:17:07 1988 [Note] Shutting down plugin 'binlog'
2014-05-28 18:17:07 1988 [Note] C:\dev\AutoSet8\Server\MySQL5\bin\mysqld.exe: Shutdown complete

2014-05-29 16:41:26 1692 [Note] Plugin 'FEDERATED' is disabled.
2014-05-29 16:41:26 1692 [Note] InnoDB: The InnoDB memory heap is disabled
2014-05-29 16:41:26 1692 [Note] InnoDB: Mutexes and rw_locks use Windows interlocked functions
2014-05-29 16:41:26 1692 [Note] InnoDB: Compressed tables use zlib 1.2.3
2014-05-29 16:41:26 1692 [Note] InnoDB: Not using CPU crc32 instructions
2014-05-29 16:41:26 1692 [Note] InnoDB: Initializing buffer pool, size = 8.0M
2014-05-29 16:41:26 1692 [Note] InnoDB: Completed initialization of buffer pool
2014-05-29 16:41:26 1692 [Note] InnoDB: Highest supported file format is Barracuda.
2014-05-29 16:41:27 1692 [Note] InnoDB: 128 rollback segment(s) are active.
2014-05-29 16:41:28 1692 [Note] InnoDB: Waiting for purge to start
2014-05-29 16:41:28 1692 [Note] InnoDB: 5.6.13 started; log sequence number 1706895
2014-05-29 16:41:28 1692 [Note] Server hostname (bind-address): '*'; port: 3306
2014-05-29 16:41:28 1692 [Note] IPv6 is available.
2014-05-29 16:41:28 1692 [Note]   - '::' resolves to '::';
2014-05-29 16:41:28 1692 [Note] Server socket created on IP: '::'.
2014-05-29 16:41:28 1692 [Note] Event Scheduler: Loaded 0 events
2014-05-29 16:41:28 1692 [Note] C:\dev\AutoSet8\Server\MySQL5\bin\mysqld.exe: ready for connections.
Version: '5.6.13'  socket: ''  port: 3306  MySQL Community Server (GPL)
2014-05-29 16:56:28 1692 [Note] C:\dev\AutoSet8\Server\MySQL5\bin\mysqld.exe: Normal shutdown

2014-05-29 16:56:28 1692 [Note] Giving 0 client threads a chance to die gracefully
2014-05-29 16:56:28 1692 [Note] Event Scheduler: Purging the queue. 0 events
2014-05-29 16:56:28 1692 [Note] Shutting down slave threads
2014-05-29 16:56:28 1692 [Note] Forcefully disconnecting 0 remaining clients
2014-05-29 16:56:28 1692 [Note] Binlog end
2014-05-29 16:56:28 1692 [Note] Shutting down plugin 'partition'
2014-05-29 16:56:28 1692 [Note] Shutting down plugin 'PERFORMANCE_SCHEMA'
2014-05-29 16:56:28 1692 [Note] Shutting down plugin 'INNODB_SYS_DATAFILES'
2014-05-29 16:56:28 1692 [Note] Shutting down plugin 'INNODB_SYS_TABLESPACES'
2014-05-29 16:56:28 1692 [Note] Shutting down plugin 'INNODB_SYS_FOREIGN_COLS'
2014-05-29 16:56:28 1692 [Note] Shutting down plugin 'INNODB_SYS_FOREIGN'
2014-05-29 16:56:28 1692 [Note] Shutting down plugin 'INNODB_SYS_FIELDS'
2014-05-29 16:56:28 1692 [Note] Shutting down plugin 'INNODB_SYS_COLUMNS'
2014-05-29 16:56:28 1692 [Note] Shutting down plugin 'INNODB_SYS_INDEXES'
2014-05-29 16:56:28 1692 [Note] Shutting down plugin 'INNODB_SYS_TABLESTATS'
2014-05-29 16:56:28 1692 [Note] Shutting down plugin 'INNODB_SYS_TABLES'
2014-05-29 16:56:28 1692 [Note] Shutting down plugin 'INNODB_FT_INDEX_TABLE'
2014-05-29 16:56:28 1692 [Note] Shutting down plugin 'INNODB_FT_INDEX_CACHE'
2014-05-29 16:56:28 1692 [Note] Shutting down plugin 'INNODB_FT_CONFIG'
2014-05-29 16:56:28 1692 [Note] Shutting down plugin 'INNODB_FT_BEING_DELETED'
2014-05-29 16:56:28 1692 [Note] Shutting down plugin 'INNODB_FT_DELETED'
2014-05-29 16:56:28 1692 [Note] Shutting down plugin 'INNODB_FT_DEFAULT_STOPWORD'
2014-05-29 16:56:28 1692 [Note] Shutting down plugin 'INNODB_METRICS'
2014-05-29 16:56:28 1692 [Note] Shutting down plugin 'INNODB_BUFFER_POOL_STATS'
2014-05-29 16:56:28 1692 [Note] Shutting down plugin 'INNODB_BUFFER_PAGE_LRU'
2014-05-29 16:56:28 1692 [Note] Shutting down plugin 'INNODB_BUFFER_PAGE'
2014-05-29 16:56:28 1692 [Note] Shutting down plugin 'INNODB_CMP_PER_INDEX_RESET'
2014-05-29 16:56:28 1692 [Note] Shutting down plugin 'INNODB_CMP_PER_INDEX'
2014-05-29 16:56:28 1692 [Note] Shutting down plugin 'INNODB_CMPMEM_RESET'
2014-05-29 16:56:28 1692 [Note] Shutting down plugin 'INNODB_CMPMEM'
2014-05-29 16:56:28 1692 [Note] Shutting down plugin 'INNODB_CMP_RESET'
2014-05-29 16:56:28 1692 [Note] Shutting down plugin 'INNODB_CMP'
2014-05-29 16:56:28 1692 [Note] Shutting down plugin 'INNODB_LOCK_WAITS'
2014-05-29 16:56:28 1692 [Note] Shutting down plugin 'INNODB_LOCKS'
2014-05-29 16:56:28 1692 [Note] Shutting down plugin 'INNODB_TRX'
2014-05-29 16:56:28 1692 [Note] Shutting down plugin 'InnoDB'
2014-05-29 16:56:28 1692 [Note] InnoDB: FTS optimize thread exiting.
2014-05-29 16:56:28 1692 [Note] InnoDB: Starting shutdown...
2014-05-29 16:56:29 1692 [Note] InnoDB: Shutdown completed; log sequence number 1706905
2014-05-29 16:56:29 1692 [Note] Shutting down plugin 'BLACKHOLE'
2014-05-29 16:56:29 1692 [Note] Shutting down plugin 'ARCHIVE'
2014-05-29 16:56:29 1692 [Note] Shutting down plugin 'MRG_MYISAM'
2014-05-29 16:56:29 1692 [Note] Shutting down plugin 'MyISAM'
2014-05-29 16:56:29 1692 [Note] Shutting down plugin 'MEMORY'
2014-05-29 16:56:29 1692 [Note] Shutting down plugin 'CSV'
2014-05-29 16:56:29 1692 [Note] Shutting down plugin 'sha256_password'
2014-05-29 16:56:29 1692 [Note] Shutting down plugin 'mysql_old_password'
2014-05-29 16:56:29 1692 [Note] Shutting down plugin 'mysql_native_password'
2014-05-29 16:56:29 1692 [Note] Shutting down plugin 'binlog'
2014-05-29 16:56:29 1692 [Note] C:\dev\AutoSet8\Server\MySQL5\bin\mysqld.exe: Shutdown complete

2014-06-02 10:44:33 1740 [Note] Plugin 'FEDERATED' is disabled.
2014-06-02 10:44:33 1740 [Note] InnoDB: The InnoDB memory heap is disabled
2014-06-02 10:44:33 1740 [Note] InnoDB: Mutexes and rw_locks use Windows interlocked functions
2014-06-02 10:44:33 1740 [Note] InnoDB: Compressed tables use zlib 1.2.3
2014-06-02 10:44:33 1740 [Note] InnoDB: Not using CPU crc32 instructions
2014-06-02 10:44:33 1740 [Note] InnoDB: Initializing buffer pool, size = 8.0M
2014-06-02 10:44:33 1740 [Note] InnoDB: Completed initialization of buffer pool
2014-06-02 10:44:33 1740 [Note] InnoDB: Highest supported file format is Barracuda.
2014-06-02 10:44:34 1740 [Note] InnoDB: 128 rollback segment(s) are active.
2014-06-02 10:44:34 1740 [Note] InnoDB: Waiting for purge to start
2014-06-02 10:44:34 1740 [Note] InnoDB: 5.6.13 started; log sequence number 1706905
2014-06-02 10:44:34 1740 [Note] Server hostname (bind-address): '*'; port: 3306
2014-06-02 10:44:34 1740 [Note] IPv6 is available.
2014-06-02 10:44:34 1740 [Note]   - '::' resolves to '::';
2014-06-02 10:44:34 1740 [Note] Server socket created on IP: '::'.
2014-06-02 10:44:39 1740 [Note] Event Scheduler: Loaded 0 events
2014-06-02 10:44:39 1740 [Note] C:\dev\AutoSet8\Server\MySQL5\bin\mysqld.exe: ready for connections.
Version: '5.6.13'  socket: ''  port: 3306  MySQL Community Server (GPL)
2014-06-03 03:00:36 1740 [Note] C:\dev\AutoSet8\Server\MySQL5\bin\mysqld.exe: Normal shutdown

2014-06-03 03:00:37 1740 [Note] Giving 0 client threads a chance to die gracefully
2014-06-03 03:00:37 1740 [Note] Event Scheduler: Purging the queue. 0 events
2014-06-03 03:00:37 1740 [Note] Shutting down slave threads
2014-06-03 03:00:37 1740 [Note] Forcefully disconnecting 0 remaining clients
2014-06-03 03:00:37 1740 [Note] Binlog end
2014-06-03 03:00:37 1740 [Note] Shutting down plugin 'partition'
2014-06-03 03:00:37 1740 [Note] Shutting down plugin 'PERFORMANCE_SCHEMA'
2014-06-03 03:00:37 1740 [Note] Shutting down plugin 'INNODB_SYS_DATAFILES'
2014-06-03 03:00:37 1740 [Note] Shutting down plugin 'INNODB_SYS_TABLESPACES'
2014-06-03 03:00:37 1740 [Note] Shutting down plugin 'INNODB_SYS_FOREIGN_COLS'
2014-06-03 03:00:37 1740 [Note] Shutting down plugin 'INNODB_SYS_FOREIGN'
2014-06-03 03:00:37 1740 [Note] Shutting down plugin 'INNODB_SYS_FIELDS'
2014-06-03 03:00:37 1740 [Note] Shutting down plugin 'INNODB_SYS_COLUMNS'
2014-06-03 03:00:37 1740 [Note] Shutting down plugin 'INNODB_SYS_INDEXES'
2014-06-03 03:00:37 1740 [Note] Shutting down plugin 'INNODB_SYS_TABLESTATS'
2014-06-03 03:00:37 1740 [Note] Shutting down plugin 'INNODB_SYS_TABLES'
2014-06-03 03:00:37 1740 [Note] Shutting down plugin 'INNODB_FT_INDEX_TABLE'
2014-06-03 03:00:37 1740 [Note] Shutting down plugin 'INNODB_FT_INDEX_CACHE'
2014-06-03 03:00:37 1740 [Note] Shutting down plugin 'INNODB_FT_CONFIG'
2014-06-03 03:00:37 1740 [Note] Shutting down plugin 'INNODB_FT_BEING_DELETED'
2014-06-03 03:00:37 1740 [Note] Shutting down plugin 'INNODB_FT_DELETED'
2014-06-03 03:00:37 1740 [Note] Shutting down plugin 'INNODB_FT_DEFAULT_STOPWORD'
2014-06-03 03:00:37 1740 [Note] Shutting down plugin 'INNODB_METRICS'
2014-06-03 03:00:37 1740 [Note] Shutting down plugin 'INNODB_BUFFER_POOL_STATS'
2014-06-03 03:00:37 1740 [Note] Shutting down plugin 'INNODB_BUFFER_PAGE_LRU'
2014-06-03 03:00:37 1740 [Note] Shutting down plugin 'INNODB_BUFFER_PAGE'
2014-06-03 03:00:37 1740 [Note] Shutting down plugin 'INNODB_CMP_PER_INDEX_RESET'
2014-06-03 03:00:37 1740 [Note] Shutting down plugin 'INNODB_CMP_PER_INDEX'
2014-06-03 03:00:37 1740 [Note] Shutting down plugin 'INNODB_CMPMEM_RESET'
2014-06-03 03:00:37 1740 [Note] Shutting down plugin 'INNODB_CMPMEM'
2014-06-03 03:00:37 1740 [Note] Shutting down plugin 'INNODB_CMP_RESET'
2014-06-03 03:00:37 1740 [Note] Shutting down plugin 'INNODB_CMP'
2014-06-03 03:00:37 1740 [Note] Shutting down plugin 'INNODB_LOCK_WAITS'
2014-06-03 03:00:37 1740 [Note] Shutting down plugin 'INNODB_LOCKS'
2014-06-03 03:00:37 1740 [Note] Shutting down plugin 'INNODB_TRX'
2014-06-03 03:00:37 1740 [Note] Shutting down plugin 'InnoDB'
2014-06-03 03:00:37 1740 [Note] InnoDB: FTS optimize thread exiting.
2014-06-03 03:00:37 1740 [Note] InnoDB: Starting shutdown...
2014-06-03 03:00:40 1740 [Note] InnoDB: Shutdown completed; log sequence number 1854513
2014-06-03 03:00:40 1740 [Note] Shutting down plugin 'BLACKHOLE'
2014-06-03 03:00:40 1740 [Note] Shutting down plugin 'ARCHIVE'
2014-06-03 03:00:40 1740 [Note] Shutting down plugin 'MRG_MYISAM'
2014-06-03 03:00:40 1740 [Note] Shutting down plugin 'MyISAM'
2014-06-03 03:00:40 1740 [Note] Shutting down plugin 'MEMORY'
2014-06-03 03:00:40 1740 [Note] Shutting down plugin 'CSV'
2014-06-03 03:00:40 1740 [Note] Shutting down plugin 'sha256_password'
2014-06-03 03:00:40 1740 [Note] Shutting down plugin 'mysql_old_password'
2014-06-03 03:00:40 1740 [Note] Shutting down plugin 'mysql_native_password'
2014-06-03 03:00:40 1740 [Note] Shutting down plugin 'binlog'
2014-06-03 03:00:40 1740 [Note] C:\dev\AutoSet8\Server\MySQL5\bin\mysqld.exe: Shutdown complete

2014-06-03 10:44:44 1212 [Note] Plugin 'FEDERATED' is disabled.
2014-06-03 10:44:44 1212 [Note] InnoDB: The InnoDB memory heap is disabled
2014-06-03 10:44:44 1212 [Note] InnoDB: Mutexes and rw_locks use Windows interlocked functions
2014-06-03 10:44:44 1212 [Note] InnoDB: Compressed tables use zlib 1.2.3
2014-06-03 10:44:44 1212 [Note] InnoDB: Not using CPU crc32 instructions
2014-06-03 10:44:44 1212 [Note] InnoDB: Initializing buffer pool, size = 8.0M
2014-06-03 10:44:44 1212 [Note] InnoDB: Completed initialization of buffer pool
2014-06-03 10:44:44 1212 [Note] InnoDB: Highest supported file format is Barracuda.
2014-06-03 10:44:45 1212 [Note] InnoDB: 128 rollback segment(s) are active.
2014-06-03 10:44:45 1212 [Note] InnoDB: Waiting for purge to start
2014-06-03 10:44:45 1212 [Note] InnoDB: 5.6.13 started; log sequence number 1854513
2014-06-03 10:44:45 1212 [Note] Server hostname (bind-address): '*'; port: 3306
2014-06-03 10:44:45 1212 [Note] IPv6 is available.
2014-06-03 10:44:45 1212 [Note]   - '::' resolves to '::';
2014-06-03 10:44:45 1212 [Note] Server socket created on IP: '::'.
2014-06-03 10:44:48 1212 [Note] Event Scheduler: Loaded 0 events
2014-06-03 10:44:48 1212 [Note] C:\dev\AutoSet8\Server\MySQL5\bin\mysqld.exe: ready for connections.
Version: '5.6.13'  socket: ''  port: 3306  MySQL Community Server (GPL)
2014-06-03 15:41:17 1212 [Note] C:\dev\AutoSet8\Server\MySQL5\bin\mysqld.exe: Normal shutdown

2014-06-03 15:41:17 1212 [Note] Giving 0 client threads a chance to die gracefully
2014-06-03 15:41:17 1212 [Note] Event Scheduler: Purging the queue. 0 events
2014-06-03 15:41:17 1212 [Note] Shutting down slave threads
2014-06-03 15:41:17 1212 [Note] Forcefully disconnecting 0 remaining clients
2014-06-03 15:41:17 1212 [Note] Binlog end
2014-06-03 15:41:17 1212 [Note] Shutting down plugin 'partition'
2014-06-03 15:41:17 1212 [Note] Shutting down plugin 'PERFORMANCE_SCHEMA'
2014-06-03 15:41:17 1212 [Note] Shutting down plugin 'INNODB_SYS_DATAFILES'
2014-06-03 15:41:17 1212 [Note] Shutting down plugin 'INNODB_SYS_TABLESPACES'
2014-06-03 15:41:17 1212 [Note] Shutting down plugin 'INNODB_SYS_FOREIGN_COLS'
2014-06-03 15:41:17 1212 [Note] Shutting down plugin 'INNODB_SYS_FOREIGN'
2014-06-03 15:41:17 1212 [Note] Shutting down plugin 'INNODB_SYS_FIELDS'
2014-06-03 15:41:17 1212 [Note] Shutting down plugin 'INNODB_SYS_COLUMNS'
2014-06-03 15:41:17 1212 [Note] Shutting down plugin 'INNODB_SYS_INDEXES'
2014-06-03 15:41:17 1212 [Note] Shutting down plugin 'INNODB_SYS_TABLESTATS'
2014-06-03 15:41:17 1212 [Note] Shutting down plugin 'INNODB_SYS_TABLES'
2014-06-03 15:41:17 1212 [Note] Shutting down plugin 'INNODB_FT_INDEX_TABLE'
2014-06-03 15:41:17 1212 [Note] Shutting down plugin 'INNODB_FT_INDEX_CACHE'
2014-06-03 15:41:17 1212 [Note] Shutting down plugin 'INNODB_FT_CONFIG'
2014-06-03 15:41:17 1212 [Note] Shutting down plugin 'INNODB_FT_BEING_DELETED'
2014-06-03 15:41:17 1212 [Note] Shutting down plugin 'INNODB_FT_DELETED'
2014-06-03 15:41:17 1212 [Note] Shutting down plugin 'INNODB_FT_DEFAULT_STOPWORD'
2014-06-03 15:41:17 1212 [Note] Shutting down plugin 'INNODB_METRICS'
2014-06-03 15:41:17 1212 [Note] Shutting down plugin 'INNODB_BUFFER_POOL_STATS'
2014-06-03 15:41:17 1212 [Note] Shutting down plugin 'INNODB_BUFFER_PAGE_LRU'
2014-06-03 15:41:17 1212 [Note] Shutting down plugin 'INNODB_BUFFER_PAGE'
2014-06-03 15:41:17 1212 [Note] Shutting down plugin 'INNODB_CMP_PER_INDEX_RESET'
2014-06-03 15:41:17 1212 [Note] Shutting down plugin 'INNODB_CMP_PER_INDEX'
2014-06-03 15:41:17 1212 [Note] Shutting down plugin 'INNODB_CMPMEM_RESET'
2014-06-03 15:41:17 1212 [Note] Shutting down plugin 'INNODB_CMPMEM'
2014-06-03 15:41:17 1212 [Note] Shutting down plugin 'INNODB_CMP_RESET'
2014-06-03 15:41:17 1212 [Note] Shutting down plugin 'INNODB_CMP'
2014-06-03 15:41:17 1212 [Note] Shutting down plugin 'INNODB_LOCK_WAITS'
2014-06-03 15:41:17 1212 [Note] Shutting down plugin 'INNODB_LOCKS'
2014-06-03 15:41:17 1212 [Note] Shutting down plugin 'INNODB_TRX'
2014-06-03 15:41:17 1212 [Note] Shutting down plugin 'InnoDB'
2014-06-03 15:41:17 1212 [Note] InnoDB: FTS optimize thread exiting.
2014-06-03 15:41:17 1212 [Note] InnoDB: Starting shutdown...
2014-06-03 15:41:20 1212 [Note] InnoDB: Shutdown completed; log sequence number 1854743
2014-06-03 15:41:20 1212 [Note] Shutting down plugin 'BLACKHOLE'
2014-06-03 15:41:20 1212 [Note] Shutting down plugin 'ARCHIVE'
2014-06-03 15:41:20 1212 [Note] Shutting down plugin 'MRG_MYISAM'
2014-06-03 15:41:20 1212 [Note] Shutting down plugin 'MyISAM'
2014-06-03 15:41:20 1212 [Note] Shutting down plugin 'MEMORY'
2014-06-03 15:41:20 1212 [Note] Shutting down plugin 'CSV'
2014-06-03 15:41:20 1212 [Note] Shutting down plugin 'sha256_password'
2014-06-03 15:41:20 1212 [Note] Shutting down plugin 'mysql_old_password'
2014-06-03 15:41:20 1212 [Note] Shutting down plugin 'mysql_native_password'
2014-06-03 15:41:20 1212 [Note] Shutting down plugin 'binlog'
2014-06-03 15:41:20 1212 [Note] C:\dev\AutoSet8\Server\MySQL5\bin\mysqld.exe: Shutdown complete

2014-06-03 15:42:10 1972 [Note] Plugin 'FEDERATED' is disabled.
2014-06-03 15:42:10 1972 [Note] InnoDB: The InnoDB memory heap is disabled
2014-06-03 15:42:10 1972 [Note] InnoDB: Mutexes and rw_locks use Windows interlocked functions
2014-06-03 15:42:10 1972 [Note] InnoDB: Compressed tables use zlib 1.2.3
2014-06-03 15:42:10 1972 [Note] InnoDB: Not using CPU crc32 instructions
2014-06-03 15:42:10 1972 [Note] InnoDB: Initializing buffer pool, size = 8.0M
2014-06-03 15:42:10 1972 [Note] InnoDB: Completed initialization of buffer pool
2014-06-03 15:42:10 1972 [Note] InnoDB: Highest supported file format is Barracuda.
2014-06-03 15:42:10 1972 [Note] InnoDB: 128 rollback segment(s) are active.
2014-06-03 15:42:10 1972 [Note] InnoDB: Waiting for purge to start
2014-06-03 15:42:10 1972 [Note] InnoDB: 5.6.13 started; log sequence number 1854743
2014-06-03 15:42:10 1972 [Note] Server hostname (bind-address): '*'; port: 3306
2014-06-03 15:42:10 1972 [Note] IPv6 is available.
2014-06-03 15:42:10 1972 [Note]   - '::' resolves to '::';
2014-06-03 15:42:10 1972 [Note] Server socket created on IP: '::'.
2014-06-03 15:42:20 1972 [Note] Event Scheduler: Loaded 0 events
2014-06-03 15:42:20 1972 [Note] C:\dev\AutoSet8\Server\MySQL5\bin\mysqld.exe: ready for connections.
Version: '5.6.13'  socket: ''  port: 3306  MySQL Community Server (GPL)
2014-06-03 18:27:05 1972 [Note] C:\dev\AutoSet8\Server\MySQL5\bin\mysqld.exe: Normal shutdown

2014-06-03 18:27:05 1972 [Note] Giving 0 client threads a chance to die gracefully
2014-06-03 18:27:05 1972 [Note] Event Scheduler: Purging the queue. 0 events
2014-06-03 18:27:05 1972 [Note] Shutting down slave threads
2014-06-03 18:27:05 1972 [Note] Forcefully disconnecting 0 remaining clients
2014-06-03 18:27:05 1972 [Note] Binlog end
2014-06-03 18:27:05 1972 [Note] Shutting down plugin 'partition'
2014-06-03 18:27:05 1972 [Note] Shutting down plugin 'PERFORMANCE_SCHEMA'
2014-06-03 18:27:05 1972 [Note] Shutting down plugin 'INNODB_SYS_DATAFILES'
2014-06-03 18:27:05 1972 [Note] Shutting down plugin 'INNODB_SYS_TABLESPACES'
2014-06-03 18:27:05 1972 [Note] Shutting down plugin 'INNODB_SYS_FOREIGN_COLS'
2014-06-03 18:27:05 1972 [Note] Shutting down plugin 'INNODB_SYS_FOREIGN'
2014-06-03 18:27:05 1972 [Note] Shutting down plugin 'INNODB_SYS_FIELDS'
2014-06-03 18:27:05 1972 [Note] Shutting down plugin 'INNODB_SYS_COLUMNS'
2014-06-03 18:27:05 1972 [Note] Shutting down plugin 'INNODB_SYS_INDEXES'
2014-06-03 18:27:05 1972 [Note] Shutting down plugin 'INNODB_SYS_TABLESTATS'
2014-06-03 18:27:05 1972 [Note] Shutting down plugin 'INNODB_SYS_TABLES'
2014-06-03 18:27:05 1972 [Note] Shutting down plugin 'INNODB_FT_INDEX_TABLE'
2014-06-03 18:27:05 1972 [Note] Shutting down plugin 'INNODB_FT_INDEX_CACHE'
2014-06-03 18:27:05 1972 [Note] Shutting down plugin 'INNODB_FT_CONFIG'
2014-06-03 18:27:05 1972 [Note] Shutting down plugin 'INNODB_FT_BEING_DELETED'
2014-06-03 18:27:05 1972 [Note] Shutting down plugin 'INNODB_FT_DELETED'
2014-06-03 18:27:05 1972 [Note] Shutting down plugin 'INNODB_FT_DEFAULT_STOPWORD'
2014-06-03 18:27:05 1972 [Note] Shutting down plugin 'INNODB_METRICS'
2014-06-03 18:27:05 1972 [Note] Shutting down plugin 'INNODB_BUFFER_POOL_STATS'
2014-06-03 18:27:05 1972 [Note] Shutting down plugin 'INNODB_BUFFER_PAGE_LRU'
2014-06-03 18:27:05 1972 [Note] Shutting down plugin 'INNODB_BUFFER_PAGE'
2014-06-03 18:27:05 1972 [Note] Shutting down plugin 'INNODB_CMP_PER_INDEX_RESET'
2014-06-03 18:27:05 1972 [Note] Shutting down plugin 'INNODB_CMP_PER_INDEX'
2014-06-03 18:27:05 1972 [Note] Shutting down plugin 'INNODB_CMPMEM_RESET'
2014-06-03 18:27:05 1972 [Note] Shutting down plugin 'INNODB_CMPMEM'
2014-06-03 18:27:05 1972 [Note] Shutting down plugin 'INNODB_CMP_RESET'
2014-06-03 18:27:05 1972 [Note] Shutting down plugin 'INNODB_CMP'
2014-06-03 18:27:05 1972 [Note] Shutting down plugin 'INNODB_LOCK_WAITS'
2014-06-03 18:27:05 1972 [Note] Shutting down plugin 'INNODB_LOCKS'
2014-06-03 18:27:05 1972 [Note] Shutting down plugin 'INNODB_TRX'
2014-06-03 18:27:05 1972 [Note] Shutting down plugin 'InnoDB'
2014-06-03 18:27:05 1972 [Note] InnoDB: FTS optimize thread exiting.
2014-06-03 18:27:05 1972 [Note] InnoDB: Starting shutdown...
2014-06-03 18:27:07 1972 [Note] InnoDB: Shutdown completed; log sequence number 1854753
2014-06-03 18:27:07 1972 [Note] Shutting down plugin 'BLACKHOLE'
2014-06-03 18:27:07 1972 [Note] Shutting down plugin 'ARCHIVE'
2014-06-03 18:27:07 1972 [Note] Shutting down plugin 'MRG_MYISAM'
2014-06-03 18:27:07 1972 [Note] Shutting down plugin 'MyISAM'
2014-06-03 18:27:07 1972 [Note] Shutting down plugin 'MEMORY'
2014-06-03 18:27:07 1972 [Note] Shutting down plugin 'CSV'
2014-06-03 18:27:07 1972 [Note] Shutting down plugin 'sha256_password'
2014-06-03 18:27:07 1972 [Note] Shutting down plugin 'mysql_old_password'
2014-06-03 18:27:07 1972 [Note] Shutting down plugin 'mysql_native_password'
2014-06-03 18:27:07 1972 [Note] Shutting down plugin 'binlog'
2014-06-03 18:27:07 1972 [Note] C:\dev\AutoSet8\Server\MySQL5\bin\mysqld.exe: Shutdown complete

2014-06-05 11:06:06 1972 [Note] Plugin 'FEDERATED' is disabled.
2014-06-05 11:06:06 1972 [Note] InnoDB: The InnoDB memory heap is disabled
2014-06-05 11:06:06 1972 [Note] InnoDB: Mutexes and rw_locks use Windows interlocked functions
2014-06-05 11:06:06 1972 [Note] InnoDB: Compressed tables use zlib 1.2.3
2014-06-05 11:06:06 1972 [Note] InnoDB: Not using CPU crc32 instructions
2014-06-05 11:06:06 1972 [Note] InnoDB: Initializing buffer pool, size = 8.0M
2014-06-05 11:06:06 1972 [Note] InnoDB: Completed initialization of buffer pool
2014-06-05 11:06:06 1972 [Note] InnoDB: Highest supported file format is Barracuda.
2014-06-05 11:06:06 1972 [Note] InnoDB: 128 rollback segment(s) are active.
2014-06-05 11:06:06 1972 [Note] InnoDB: Waiting for purge to start
2014-06-05 11:06:06 1972 [Note] InnoDB: 5.6.13 started; log sequence number 1854753
2014-06-05 11:06:06 1972 [Note] Server hostname (bind-address): '*'; port: 3306
2014-06-05 11:06:06 1972 [Note] IPv6 is available.
2014-06-05 11:06:06 1972 [Note]   - '::' resolves to '::';
2014-06-05 11:06:06 1972 [Note] Server socket created on IP: '::'.
2014-06-05 11:06:09 1972 [Note] Event Scheduler: Loaded 0 events
2014-06-05 11:06:09 1972 [Note] C:\dev\AutoSet8\Server\MySQL5\bin\mysqld.exe: ready for connections.
Version: '5.6.13'  socket: ''  port: 3306  MySQL Community Server (GPL)
2014-06-05 11:20:05 1972 [Note] C:\dev\AutoSet8\Server\MySQL5\bin\mysqld.exe: Normal shutdown

2014-06-05 11:20:05 1972 [Note] Giving 0 client threads a chance to die gracefully
2014-06-05 11:20:05 1972 [Note] Event Scheduler: Purging the queue. 0 events
2014-06-05 11:20:05 1972 [Note] Shutting down slave threads
2014-06-05 11:20:05 1972 [Note] Forcefully disconnecting 0 remaining clients
2014-06-05 11:20:05 1972 [Note] Binlog end
2014-06-05 11:20:06 1972 [Note] Shutting down plugin 'partition'
2014-06-05 11:20:06 1972 [Note] Shutting down plugin 'PERFORMANCE_SCHEMA'
2014-06-05 11:20:06 1972 [Note] Shutting down plugin 'INNODB_SYS_DATAFILES'
2014-06-05 11:20:06 1972 [Note] Shutting down plugin 'INNODB_SYS_TABLESPACES'
2014-06-05 11:20:06 1972 [Note] Shutting down plugin 'INNODB_SYS_FOREIGN_COLS'
2014-06-05 11:20:06 1972 [Note] Shutting down plugin 'INNODB_SYS_FOREIGN'
2014-06-05 11:20:06 1972 [Note] Shutting down plugin 'INNODB_SYS_FIELDS'
2014-06-05 11:20:06 1972 [Note] Shutting down plugin 'INNODB_SYS_COLUMNS'
2014-06-05 11:20:06 1972 [Note] Shutting down plugin 'INNODB_SYS_INDEXES'
2014-06-05 11:20:06 1972 [Note] Shutting down plugin 'INNODB_SYS_TABLESTATS'
2014-06-05 11:20:06 1972 [Note] Shutting down plugin 'INNODB_SYS_TABLES'
2014-06-05 11:20:06 1972 [Note] Shutting down plugin 'INNODB_FT_INDEX_TABLE'
2014-06-05 11:20:06 1972 [Note] Shutting down plugin 'INNODB_FT_INDEX_CACHE'
2014-06-05 11:20:06 1972 [Note] Shutting down plugin 'INNODB_FT_CONFIG'
2014-06-05 11:20:06 1972 [Note] Shutting down plugin 'INNODB_FT_BEING_DELETED'
2014-06-05 11:20:06 1972 [Note] Shutting down plugin 'INNODB_FT_DELETED'
2014-06-05 11:20:06 1972 [Note] Shutting down plugin 'INNODB_FT_DEFAULT_STOPWORD'
2014-06-05 11:20:06 1972 [Note] Shutting down plugin 'INNODB_METRICS'
2014-06-05 11:20:06 1972 [Note] Shutting down plugin 'INNODB_BUFFER_POOL_STATS'
2014-06-05 11:20:06 1972 [Note] Shutting down plugin 'INNODB_BUFFER_PAGE_LRU'
2014-06-05 11:20:06 1972 [Note] Shutting down plugin 'INNODB_BUFFER_PAGE'
2014-06-05 11:20:06 1972 [Note] Shutting down plugin 'INNODB_CMP_PER_INDEX_RESET'
2014-06-05 11:20:06 1972 [Note] Shutting down plugin 'INNODB_CMP_PER_INDEX'
2014-06-05 11:20:06 1972 [Note] Shutting down plugin 'INNODB_CMPMEM_RESET'
2014-06-05 11:20:06 1972 [Note] Shutting down plugin 'INNODB_CMPMEM'
2014-06-05 11:20:06 1972 [Note] Shutting down plugin 'INNODB_CMP_RESET'
2014-06-05 11:20:06 1972 [Note] Shutting down plugin 'INNODB_CMP'
2014-06-05 11:20:06 1972 [Note] Shutting down plugin 'INNODB_LOCK_WAITS'
2014-06-05 11:20:06 1972 [Note] Shutting down plugin 'INNODB_LOCKS'
2014-06-05 11:20:06 1972 [Note] Shutting down plugin 'INNODB_TRX'
2014-06-05 11:20:06 1972 [Note] Shutting down plugin 'InnoDB'
2014-06-05 11:20:06 1972 [Note] InnoDB: FTS optimize thread exiting.
2014-06-05 11:20:06 1972 [Note] InnoDB: Starting shutdown...
2014-06-05 11:20:07 1972 [Note] InnoDB: Shutdown completed; log sequence number 1854763
2014-06-05 11:20:07 1972 [Note] Shutting down plugin 'BLACKHOLE'
2014-06-05 11:20:07 1972 [Note] Shutting down plugin 'ARCHIVE'
2014-06-05 11:20:07 1972 [Note] Shutting down plugin 'MRG_MYISAM'
2014-06-05 11:20:07 1972 [Note] Shutting down plugin 'MyISAM'
2014-06-05 11:20:07 1972 [Note] Shutting down plugin 'MEMORY'
2014-06-05 11:20:07 1972 [Note] Shutting down plugin 'CSV'
2014-06-05 11:20:07 1972 [Note] Shutting down plugin 'sha256_password'
2014-06-05 11:20:07 1972 [Note] Shutting down plugin 'mysql_old_password'
2014-06-05 11:20:07 1972 [Note] Shutting down plugin 'mysql_native_password'
2014-06-05 11:20:07 1972 [Note] Shutting down plugin 'binlog'
2014-06-05 11:20:07 1972 [Note] C:\dev\AutoSet8\Server\MySQL5\bin\mysqld.exe: Shutdown complete

2014-06-05 11:20:46 1656 [Note] Plugin 'FEDERATED' is disabled.
2014-06-05 11:20:46 1656 [Note] InnoDB: The InnoDB memory heap is disabled
2014-06-05 11:20:46 1656 [Note] InnoDB: Mutexes and rw_locks use Windows interlocked functions
2014-06-05 11:20:46 1656 [Note] InnoDB: Compressed tables use zlib 1.2.3
2014-06-05 11:20:46 1656 [Note] InnoDB: Not using CPU crc32 instructions
2014-06-05 11:20:46 1656 [Note] InnoDB: Initializing buffer pool, size = 8.0M
2014-06-05 11:20:46 1656 [Note] InnoDB: Completed initialization of buffer pool
2014-06-05 11:20:46 1656 [Note] InnoDB: Highest supported file format is Barracuda.
2014-06-05 11:20:47 1656 [Note] InnoDB: 128 rollback segment(s) are active.
2014-06-05 11:20:47 1656 [Note] InnoDB: Waiting for purge to start
2014-06-05 11:20:47 1656 [Note] InnoDB: 5.6.13 started; log sequence number 1854763
2014-06-05 11:20:47 1656 [Note] Server hostname (bind-address): '*'; port: 3306
2014-06-05 11:20:47 1656 [Note] IPv6 is available.
2014-06-05 11:20:47 1656 [Note]   - '::' resolves to '::';
2014-06-05 11:20:47 1656 [Note] Server socket created on IP: '::'.
2014-06-05 11:20:47 1656 [Note] Event Scheduler: Loaded 0 events
2014-06-05 11:20:47 1656 [Note] C:\dev\AutoSet8\Server\MySQL5\bin\mysqld.exe: ready for connections.
Version: '5.6.13'  socket: ''  port: 3306  MySQL Community Server (GPL)
2014-06-05 17:02:44 1656 [Note] C:\dev\AutoSet8\Server\MySQL5\bin\mysqld.exe: Normal shutdown

2014-06-05 17:02:44 1656 [Note] Giving 0 client threads a chance to die gracefully
2014-06-05 17:02:44 1656 [Note] Event Scheduler: Purging the queue. 0 events
2014-06-05 17:02:44 1656 [Note] Shutting down slave threads
2014-06-05 17:02:44 1656 [Note] Forcefully disconnecting 0 remaining clients
2014-06-05 17:02:44 1656 [Note] Binlog end
2014-06-05 17:02:44 1656 [Note] Shutting down plugin 'partition'
2014-06-05 17:02:44 1656 [Note] Shutting down plugin 'PERFORMANCE_SCHEMA'
2014-06-05 17:02:44 1656 [Note] Shutting down plugin 'INNODB_SYS_DATAFILES'
2014-06-05 17:02:44 1656 [Note] Shutting down plugin 'INNODB_SYS_TABLESPACES'
2014-06-05 17:02:44 1656 [Note] Shutting down plugin 'INNODB_SYS_FOREIGN_COLS'
2014-06-05 17:02:44 1656 [Note] Shutting down plugin 'INNODB_SYS_FOREIGN'
2014-06-05 17:02:44 1656 [Note] Shutting down plugin 'INNODB_SYS_FIELDS'
2014-06-05 17:02:44 1656 [Note] Shutting down plugin 'INNODB_SYS_COLUMNS'
2014-06-05 17:02:44 1656 [Note] Shutting down plugin 'INNODB_SYS_INDEXES'
2014-06-05 17:02:44 1656 [Note] Shutting down plugin 'INNODB_SYS_TABLESTATS'
2014-06-05 17:02:44 1656 [Note] Shutting down plugin 'INNODB_SYS_TABLES'
2014-06-05 17:02:44 1656 [Note] Shutting down plugin 'INNODB_FT_INDEX_TABLE'
2014-06-05 17:02:44 1656 [Note] Shutting down plugin 'INNODB_FT_INDEX_CACHE'
2014-06-05 17:02:44 1656 [Note] Shutting down plugin 'INNODB_FT_CONFIG'
2014-06-05 17:02:44 1656 [Note] Shutting down plugin 'INNODB_FT_BEING_DELETED'
2014-06-05 17:02:44 1656 [Note] Shutting down plugin 'INNODB_FT_DELETED'
2014-06-05 17:02:44 1656 [Note] Shutting down plugin 'INNODB_FT_DEFAULT_STOPWORD'
2014-06-05 17:02:44 1656 [Note] Shutting down plugin 'INNODB_METRICS'
2014-06-05 17:02:44 1656 [Note] Shutting down plugin 'INNODB_BUFFER_POOL_STATS'
2014-06-05 17:02:44 1656 [Note] Shutting down plugin 'INNODB_BUFFER_PAGE_LRU'
2014-06-05 17:02:44 1656 [Note] Shutting down plugin 'INNODB_BUFFER_PAGE'
2014-06-05 17:02:44 1656 [Note] Shutting down plugin 'INNODB_CMP_PER_INDEX_RESET'
2014-06-05 17:02:44 1656 [Note] Shutting down plugin 'INNODB_CMP_PER_INDEX'
2014-06-05 17:02:44 1656 [Note] Shutting down plugin 'INNODB_CMPMEM_RESET'
2014-06-05 17:02:44 1656 [Note] Shutting down plugin 'INNODB_CMPMEM'
2014-06-05 17:02:44 1656 [Note] Shutting down plugin 'INNODB_CMP_RESET'
2014-06-05 17:02:44 1656 [Note] Shutting down plugin 'INNODB_CMP'
2014-06-05 17:02:44 1656 [Note] Shutting down plugin 'INNODB_LOCK_WAITS'
2014-06-05 17:02:44 1656 [Note] Shutting down plugin 'INNODB_LOCKS'
2014-06-05 17:02:44 1656 [Note] Shutting down plugin 'INNODB_TRX'
2014-06-05 17:02:44 1656 [Note] Shutting down plugin 'InnoDB'
2014-06-05 17:02:44 1656 [Note] InnoDB: FTS optimize thread exiting.
2014-06-05 17:02:44 1656 [Note] InnoDB: Starting shutdown...
2014-06-05 17:02:47 1656 [Note] InnoDB: Shutdown completed; log sequence number 1855034
2014-06-05 17:02:47 1656 [Note] Shutting down plugin 'BLACKHOLE'
2014-06-05 17:02:47 1656 [Note] Shutting down plugin 'ARCHIVE'
2014-06-05 17:02:47 1656 [Note] Shutting down plugin 'MRG_MYISAM'
2014-06-05 17:02:48 1656 [Note] Shutting down plugin 'MyISAM'
2014-06-05 17:02:48 1656 [Note] Shutting down plugin 'MEMORY'
2014-06-05 17:02:48 1656 [Note] Shutting down plugin 'CSV'
2014-06-05 17:02:48 1656 [Note] Shutting down plugin 'sha256_password'
2014-06-05 17:02:48 1656 [Note] Shutting down plugin 'mysql_old_password'
2014-06-05 17:02:48 1656 [Note] Shutting down plugin 'mysql_native_password'
2014-06-05 17:02:48 1656 [Note] Shutting down plugin 'binlog'
2014-06-05 17:02:48 1656 [Note] C:\dev\AutoSet8\Server\MySQL5\bin\mysqld.exe: Shutdown complete

2014-06-09 10:43:17 1736 [Note] Plugin 'FEDERATED' is disabled.
2014-06-09 10:43:18 1736 [Note] InnoDB: The InnoDB memory heap is disabled
2014-06-09 10:43:18 1736 [Note] InnoDB: Mutexes and rw_locks use Windows interlocked functions
2014-06-09 10:43:18 1736 [Note] InnoDB: Compressed tables use zlib 1.2.3
2014-06-09 10:43:20 1736 [Note] InnoDB: Not using CPU crc32 instructions
2014-06-09 10:43:20 1736 [Note] InnoDB: Initializing buffer pool, size = 8.0M
2014-06-09 10:43:20 1736 [Note] InnoDB: Completed initialization of buffer pool
2014-06-09 10:43:20 1736 [Note] InnoDB: Highest supported file format is Barracuda.
2014-06-09 10:43:23 1736 [Note] InnoDB: 128 rollback segment(s) are active.
2014-06-09 10:43:23 1736 [Note] InnoDB: Waiting for purge to start
2014-06-09 10:43:24 1736 [Note] InnoDB: 5.6.13 started; log sequence number 1855034
2014-06-09 10:43:24 1736 [Note] Server hostname (bind-address): '*'; port: 3306
2014-06-09 10:43:24 1736 [Note] IPv6 is available.
2014-06-09 10:43:24 1736 [Note]   - '::' resolves to '::';
2014-06-09 10:43:24 1736 [Note] Server socket created on IP: '::'.
2014-06-09 10:43:26 1736 [Note] Event Scheduler: Loaded 0 events
2014-06-09 10:43:26 1736 [Note] C:\dev\AutoSet8\Server\MySQL5\bin\mysqld.exe: ready for connections.
Version: '5.6.13'  socket: ''  port: 3306  MySQL Community Server (GPL)
